#
# There is insufficient memory for the Java Runtime Environment to continue.
# Native memory allocation (mmap) failed to map 155189248 bytes for G1 virtual space
# Possible reasons:
#   The system is out of physical RAM or swap space
#   The process is running with CompressedOops enabled, and the Java Heap may be blocking the growth of the native heap
# Possible solutions:
#   Reduce memory load on the system
#   Increase physical memory or swap space
#   Check if swap backing store is full
#   Decrease Java heap size (-Xmx/-Xms)
#   Decrease number of Java threads
#   Decrease Java thread stack sizes (-Xss)
#   Set larger code cache with -XX:ReservedCodeCacheSize=
#   JVM is running with Unscaled Compressed Oops mode in which the Java heap is
#     placed in the first 4GB address space. The Java Heap base address is the
#     maximum limit for the native heap growth. Please use -XX:HeapBaseMinAddress
#     to set the Java Heap base and to place the Java Heap above 4GB virtual address.
# This output file may be truncated or incomplete.
#
#  Out of Memory Error (os_windows.cpp:3550), pid=11424, tid=17968
#
# JRE version: Java(TM) SE Runtime Environment (17.0.8+9) (build 17.0.8+9-LTS-211)
# Java VM: Java HotSpot(TM) 64-Bit Server VM (17.0.8+9-LTS-211, mixed mode, sharing, tiered, compressed oops, compressed class ptrs, g1 gc, windows-amd64)
# No core dump will be written. Minidumps are not enabled by default on client versions of Windows
#

---------------  S U M M A R Y ------------

Command Line: -Dfile.encoding=UTF-8 --module-path=C:\Users\MY HP\Documents\NetBeansProjects\JAVACUOIKY\build\classes Frame.HangHoa

Host: 12th Gen Intel(R) Core(TM) i5-1240P, 16 cores, 7G,  Windows 11 , 64 bit Build 22621 (10.0.22621.3374)
Time: Sat Apr 27 15:44:45 2024 SE Asia Standard Time elapsed time: 268.251880 seconds (0d 0h 4m 28s)

---------------  T H R E A D  ---------------

Current thread (0x0000021f7d026050):  VMThread "VM Thread" [stack: 0x000000d271d00000,0x000000d271e00000] [id=17968]

Stack: [0x000000d271d00000,0x000000d271e00000]
Native frames: (J=compiled Java code, j=interpreted, Vv=VM code, C=native code)
V  [jvm.dll+0x677d0a]
V  [jvm.dll+0x7d8c54]
V  [jvm.dll+0x7da3fe]
V  [jvm.dll+0x7daa63]
V  [jvm.dll+0x245c5f]
V  [jvm.dll+0x674bb9]
V  [jvm.dll+0x6694f2]
V  [jvm.dll+0x3031d6]
V  [jvm.dll+0x30a756]
V  [jvm.dll+0x359f9e]
V  [jvm.dll+0x35a1cf]
V  [jvm.dll+0x2da3e8]
V  [jvm.dll+0x2dd486]
V  [jvm.dll+0x2e7c88]
V  [jvm.dll+0x31b6e0]
V  [jvm.dll+0x7df26b]
V  [jvm.dll+0x7dffa4]
V  [jvm.dll+0x7e04bd]
V  [jvm.dll+0x7e0894]
V  [jvm.dll+0x7e0960]
V  [jvm.dll+0x788bba]
V  [jvm.dll+0x676b35]
C  [ucrtbase.dll+0x29333]
C  [KERNEL32.DLL+0x1257d]
C  [ntdll.dll+0x5aa48]

VM_Operation (0x000000d2719ff510): G1Concurrent, mode: safepoint, requested by thread 0x0000021f6d6ea540


---------------  P R O C E S S  ---------------

Threads class SMR info:
_java_thread_list=0x0000021f7e5ac0e0, length=17, elements={
0x0000021f7d029c40, 0x0000021f7d02c8c0, 0x0000021f7d0423b0, 0x0000021f7d042d60,
0x0000021f7d044b20, 0x0000021f7d0454d0, 0x0000021f7d046260, 0x0000021f7d046d00,
0x0000021f7d04cc00, 0x0000021f7d28e8d0, 0x0000021f7d323190, 0x0000021f7d4de440,
0x0000021f7d4de910, 0x0000021f7d4dede0, 0x0000021f7d5d7980, 0x0000021f6d680b90,
0x0000021f7e5a07e0
}

Java Threads: ( => current thread )
  0x0000021f7d029c40 JavaThread "Reference Handler" daemon [_thread_blocked, id=22736, stack(0x000000d271e00000,0x000000d271f00000)]
  0x0000021f7d02c8c0 JavaThread "Finalizer" daemon [_thread_blocked, id=21640, stack(0x000000d271f00000,0x000000d272000000)]
  0x0000021f7d0423b0 JavaThread "Signal Dispatcher" daemon [_thread_blocked, id=21520, stack(0x000000d272000000,0x000000d272100000)]
  0x0000021f7d042d60 JavaThread "Attach Listener" daemon [_thread_blocked, id=20408, stack(0x000000d272100000,0x000000d272200000)]
  0x0000021f7d044b20 JavaThread "Service Thread" daemon [_thread_blocked, id=9456, stack(0x000000d272200000,0x000000d272300000)]
  0x0000021f7d0454d0 JavaThread "Monitor Deflation Thread" daemon [_thread_blocked, id=21652, stack(0x000000d272300000,0x000000d272400000)]
  0x0000021f7d046260 JavaThread "C2 CompilerThread0" daemon [_thread_blocked, id=22000, stack(0x000000d272400000,0x000000d272500000)]
  0x0000021f7d046d00 JavaThread "C1 CompilerThread0" daemon [_thread_blocked, id=21868, stack(0x000000d272500000,0x000000d272600000)]
  0x0000021f7d04cc00 JavaThread "Sweeper thread" daemon [_thread_blocked, id=1532, stack(0x000000d272600000,0x000000d272700000)]
  0x0000021f7d28e8d0 JavaThread "Common-Cleaner" daemon [_thread_blocked, id=23428, stack(0x000000d272700000,0x000000d272800000)]
  0x0000021f7d323190 JavaThread "Notification Thread" daemon [_thread_blocked, id=23324, stack(0x000000d272800000,0x000000d272900000)]
  0x0000021f7d4de440 JavaThread "Java2D Disposer" daemon [_thread_blocked, id=2228, stack(0x000000d272a00000,0x000000d272b00000)]
  0x0000021f7d4de910 JavaThread "AWT-Shutdown" [_thread_blocked, id=18936, stack(0x000000d272b00000,0x000000d272c00000)]
  0x0000021f7d4dede0 JavaThread "AWT-Windows" daemon [_thread_in_native, id=21560, stack(0x000000d272c00000,0x000000d272d00000)]
  0x0000021f7d5d7980 JavaThread "AWT-EventQueue-0" [_thread_in_native, id=23448, stack(0x000000d272d00000,0x000000d272e00000)]
  0x0000021f6d680b90 JavaThread "DestroyJavaVM" [_thread_blocked, id=22988, stack(0x000000d271700000,0x000000d271800000)]
  0x0000021f7e5a07e0 JavaThread "TimerQueue" daemon [_thread_blocked, id=19280, stack(0x000000d272f00000,0x000000d273000000)]

Other Threads:
=>0x0000021f7d026050 VMThread "VM Thread" [stack: 0x000000d271d00000,0x000000d271e00000] [id=17968]
  0x0000021f7d300ad0 WatcherThread [stack: 0x000000d272900000,0x000000d272a00000] [id=11120]
  0x0000021f6d6da040 GCTaskThread "GC Thread#0" [stack: 0x000000d271800000,0x000000d271900000] [id=10204]
  0x0000021f7f079800 GCTaskThread "GC Thread#1" [stack: 0x000000d273300000,0x000000d273400000] [id=16952]
  0x0000021f7f065620 GCTaskThread "GC Thread#2" [stack: 0x000000d273400000,0x000000d273500000] [id=20400]
  0x0000021f7e7bd490 GCTaskThread "GC Thread#3" [stack: 0x000000d273500000,0x000000d273600000] [id=20772]
  0x0000021f7e7bd740 GCTaskThread "GC Thread#4" [stack: 0x000000d273600000,0x000000d273700000] [id=22408]
  0x0000021f7e7bd9f0 GCTaskThread "GC Thread#5" [stack: 0x000000d273700000,0x000000d273800000] [id=20144]
  0x0000021f7ffd9be0 GCTaskThread "GC Thread#6" [stack: 0x000000d273800000,0x000000d273900000] [id=16652]
  0x0000021f7e795da0 GCTaskThread "GC Thread#7" [stack: 0x000000d273900000,0x000000d273a00000] [id=3184]
  0x0000021f7e796050 GCTaskThread "GC Thread#8" [stack: 0x000000d273a00000,0x000000d273b00000] [id=19212]
  0x0000021f7e796300 GCTaskThread "GC Thread#9" [stack: 0x000000d273b00000,0x000000d273c00000] [id=21804]
  0x0000021f7faa4590 GCTaskThread "GC Thread#10" [stack: 0x000000d272e00000,0x000000d272f00000] [id=23144]
  0x0000021f7faa3570 GCTaskThread "GC Thread#11" [stack: 0x000000d274200000,0x000000d274300000] [id=6584]
  0x0000021f7faa42e0 GCTaskThread "GC Thread#12" [stack: 0x000000d274300000,0x000000d274400000] [id=23456]
  0x0000021f6d6ea540 ConcurrentGCThread "G1 Main Marker" [stack: 0x000000d271900000,0x000000d271a00000] [id=21512]
  0x0000021f6d6eaf50 ConcurrentGCThread "G1 Conc#0" [stack: 0x000000d271a00000,0x000000d271b00000] [id=10924]
  0x0000021f7faa3820 ConcurrentGCThread "G1 Conc#1" [stack: 0x000000d271400000,0x000000d271500000] [id=10596]
  0x0000021f7faa4af0 ConcurrentGCThread "G1 Conc#2" [stack: 0x000000d271500000,0x000000d271600000] [id=11448]
  0x0000021f6d74ebe0 ConcurrentGCThread "G1 Refine#0" [stack: 0x000000d271b00000,0x000000d271c00000] [id=20532]
  0x0000021f7e7be0a0 ConcurrentGCThread "G1 Refine#1" [stack: 0x000000d273c00000,0x000000d273d00000] [id=22356]
  0x0000021f7e797800 ConcurrentGCThread "G1 Refine#2" [stack: 0x000000d273d00000,0x000000d273e00000] [id=4688]
  0x0000021f7e797ae0 ConcurrentGCThread "G1 Refine#3" [stack: 0x000000d273e00000,0x000000d273f00000] [id=9388]
  0x0000021f7e8352b0 ConcurrentGCThread "G1 Refine#4" [stack: 0x000000d273f00000,0x000000d274000000] [id=19500]
  0x0000021f7e8c0730 ConcurrentGCThread "G1 Refine#5" [stack: 0x000000d274000000,0x000000d274100000] [id=6984]
  0x0000021f7e8c0a10 ConcurrentGCThread "G1 Refine#6" [stack: 0x000000d274100000,0x000000d274200000] [id=23040]
  0x0000021f7cecd760 ConcurrentGCThread "G1 Service" [stack: 0x000000d271c00000,0x000000d271d00000] [id=3672]

Threads with active compile tasks:
C2 CompilerThread0   268275 3944       4       javax.swing.plaf.nimbus.NimbusStyle::installDefaults (10 bytes)

VM state: at safepoint (normal execution)

VM Mutex/Monitor currently owned by a thread:  ([mutex/lock_event])
[0x0000021f6d67bd10] Threads_lock - owner thread: 0x0000021f7d026050
[0x0000021f6d67c7c0] Heap_lock - owner thread: 0x0000021f6d6ea540

Heap address: 0x0000000085200000, size: 1966 MB, Compressed Oops mode: 32-bit

CDS archive(s) mapped at: [0x0000021f0f000000-0x0000021f0fbd0000-0x0000021f0fbd0000), size 12386304, SharedBaseAddress: 0x0000021f0f000000, ArchiveRelocationMode: 1.
Compressed class space mapped at: 0x0000021f10000000-0x0000021f50000000, reserved size: 1073741824
Narrow klass base: 0x0000021f0f000000, Narrow klass shift: 0, Narrow klass range: 0x100000000

GC Precious Log:
 CPUs: 16 total, 16 available
 Memory: 7860M
 Large Page Support: Disabled
 NUMA Support: Disabled
 Compressed Oops: Enabled (32-bit)
 Heap Region Size: 1M
 Heap Min Capacity: 8M
 Heap Initial Capacity: 124M
 Heap Max Capacity: 1966M
 Pre-touch: Disabled
 Parallel Workers: 13
 Concurrent Workers: 3
 Concurrent Refinement Workers: 13
 Periodic GC: Disabled

Heap:
 garbage-first heap   total 306176K, used 273408K [0x0000000085200000, 0x0000000100000000)
  region size 1024K, 3 young (3072K), 2 survivors (2048K)
 Metaspace       used 11975K, committed 12160K, reserved 1114112K
  class space    used 1245K, committed 1344K, reserved 1048576K

Heap Regions: E=young(eden), S=young(survivor), O=old, HS=humongous(starts), HC=humongous(continues), CS=collection set, F=free, OA=open archive, CA=closed archive, TAMS=top-at-mark-start (previous, next)
|   0|0x0000000085200000, 0x0000000085300000, 0x0000000085300000|100%| O|  |TAMS 0x0000000085300000, 0x0000000085200000| Untracked 
|   1|0x0000000085300000, 0x0000000085400000, 0x0000000085400000|100%| O|  |TAMS 0x0000000085400000, 0x0000000085300000| Untracked 
|   2|0x0000000085400000, 0x0000000085500000, 0x0000000085500000|100%| O|  |TAMS 0x0000000085500000, 0x0000000085400000| Untracked 
|   3|0x0000000085500000, 0x0000000085600000, 0x0000000085600000|100%| O|  |TAMS 0x0000000085600000, 0x0000000085500000| Untracked 
|   4|0x0000000085600000, 0x0000000085700000, 0x0000000085700000|100%| O|  |TAMS 0x0000000085700000, 0x0000000085600000| Untracked 
|   5|0x0000000085700000, 0x0000000085800000, 0x0000000085800000|100%| O|  |TAMS 0x0000000085800000, 0x0000000085700000| Untracked 
|   6|0x0000000085800000, 0x0000000085900000, 0x0000000085900000|100%| O|  |TAMS 0x0000000085900000, 0x0000000085800000| Untracked 
|   7|0x0000000085900000, 0x0000000085a00000, 0x0000000085a00000|100%| O|  |TAMS 0x0000000085a00000, 0x0000000085900000| Untracked 
|   8|0x0000000085a00000, 0x0000000085b00000, 0x0000000085b00000|100%| O|  |TAMS 0x0000000085b00000, 0x0000000085a00000| Untracked 
|   9|0x0000000085b00000, 0x0000000085c00000, 0x0000000085c00000|100%| O|  |TAMS 0x0000000085c00000, 0x0000000085b00000| Untracked 
|  10|0x0000000085c00000, 0x0000000085d00000, 0x0000000085d00000|100%| O|  |TAMS 0x0000000085d00000, 0x0000000085c00000| Untracked 
|  11|0x0000000085d00000, 0x0000000085e00000, 0x0000000085e00000|100%| O|  |TAMS 0x0000000085e00000, 0x0000000085d00000| Untracked 
|  12|0x0000000085e00000, 0x0000000085f00000, 0x0000000085f00000|100%| O|  |TAMS 0x0000000085f00000, 0x0000000085e00000| Untracked 
|  13|0x0000000085f00000, 0x0000000086000000, 0x0000000086000000|100%| O|  |TAMS 0x0000000086000000, 0x0000000085f00000| Untracked 
|  14|0x0000000086000000, 0x0000000086100000, 0x0000000086100000|100%| O|  |TAMS 0x0000000086100000, 0x0000000086000000| Untracked 
|  15|0x0000000086100000, 0x0000000086200000, 0x0000000086200000|100%| O|  |TAMS 0x0000000086200000, 0x0000000086100000| Untracked 
|  16|0x0000000086200000, 0x0000000086300000, 0x0000000086300000|100%| O|  |TAMS 0x0000000086300000, 0x0000000086200000| Untracked 
|  17|0x0000000086300000, 0x0000000086400000, 0x0000000086400000|100%| O|  |TAMS 0x0000000086400000, 0x0000000086300000| Untracked 
|  18|0x0000000086400000, 0x0000000086500000, 0x0000000086500000|100%| O|  |TAMS 0x0000000086500000, 0x0000000086400000| Untracked 
|  19|0x0000000086500000, 0x0000000086600000, 0x0000000086600000|100%| O|  |TAMS 0x0000000086600000, 0x0000000086500000| Untracked 
|  20|0x0000000086600000, 0x0000000086700000, 0x0000000086700000|100%| O|  |TAMS 0x0000000086700000, 0x0000000086600000| Untracked 
|  21|0x0000000086700000, 0x0000000086800000, 0x0000000086800000|100%| O|  |TAMS 0x0000000086800000, 0x0000000086700000| Untracked 
|  22|0x0000000086800000, 0x0000000086900000, 0x0000000086900000|100%| O|  |TAMS 0x0000000086900000, 0x0000000086800000| Untracked 
|  23|0x0000000086900000, 0x0000000086a00000, 0x0000000086a00000|100%| O|  |TAMS 0x0000000086a00000, 0x0000000086900000| Untracked 
|  24|0x0000000086a00000, 0x0000000086b00000, 0x0000000086b00000|100%| O|  |TAMS 0x0000000086b00000, 0x0000000086a00000| Untracked 
|  25|0x0000000086b00000, 0x0000000086c00000, 0x0000000086c00000|100%| O|  |TAMS 0x0000000086c00000, 0x0000000086b00000| Untracked 
|  26|0x0000000086c00000, 0x0000000086d00000, 0x0000000086d00000|100%| O|  |TAMS 0x0000000086d00000, 0x0000000086c00000| Untracked 
|  27|0x0000000086d00000, 0x0000000086e00000, 0x0000000086e00000|100%| O|  |TAMS 0x0000000086e00000, 0x0000000086d00000| Untracked 
|  28|0x0000000086e00000, 0x0000000086f00000, 0x0000000086f00000|100%| O|  |TAMS 0x0000000086f00000, 0x0000000086e00000| Updating 
|  29|0x0000000086f00000, 0x0000000087000000, 0x0000000087000000|100%| O|  |TAMS 0x0000000087000000, 0x0000000086f00000| Updating 
|  30|0x0000000087000000, 0x0000000087100000, 0x0000000087100000|100%| O|  |TAMS 0x0000000087100000, 0x0000000087000000| Untracked 
|  31|0x0000000087100000, 0x0000000087200000, 0x0000000087200000|100%| O|  |TAMS 0x0000000087200000, 0x0000000087100000| Untracked 
|  32|0x0000000087200000, 0x0000000087300000, 0x0000000087300000|100%| O|  |TAMS 0x0000000087300000, 0x0000000087200000| Untracked 
|  33|0x0000000087300000, 0x0000000087400000, 0x0000000087400000|100%| O|  |TAMS 0x0000000087400000, 0x0000000087300000| Untracked 
|  34|0x0000000087400000, 0x0000000087500000, 0x0000000087500000|100%| O|  |TAMS 0x0000000087500000, 0x0000000087400000| Untracked 
|  35|0x0000000087500000, 0x0000000087600000, 0x0000000087600000|100%| O|  |TAMS 0x0000000087600000, 0x0000000087500000| Untracked 
|  36|0x0000000087600000, 0x0000000087700000, 0x0000000087700000|100%| O|  |TAMS 0x0000000087700000, 0x0000000087600000| Untracked 
|  37|0x0000000087700000, 0x0000000087800000, 0x0000000087800000|100%| O|  |TAMS 0x0000000087800000, 0x0000000087700000| Untracked 
|  38|0x0000000087800000, 0x0000000087900000, 0x0000000087900000|100%| O|  |TAMS 0x0000000087900000, 0x0000000087800000| Untracked 
|  39|0x0000000087900000, 0x0000000087a00000, 0x0000000087a00000|100%| O|  |TAMS 0x0000000087a00000, 0x0000000087900000| Untracked 
|  40|0x0000000087a00000, 0x0000000087b00000, 0x0000000087b00000|100%| O|  |TAMS 0x0000000087b00000, 0x0000000087a00000| Updating 
|  41|0x0000000087b00000, 0x0000000087c00000, 0x0000000087c00000|100%| O|  |TAMS 0x0000000087c00000, 0x0000000087b00000| Untracked 
|  42|0x0000000087c00000, 0x0000000087d00000, 0x0000000087d00000|100%| O|  |TAMS 0x0000000087d00000, 0x0000000087c00000| Untracked 
|  43|0x0000000087d00000, 0x0000000087e00000, 0x0000000087e00000|100%| O|  |TAMS 0x0000000087e00000, 0x0000000087d00000| Untracked 
|  44|0x0000000087e00000, 0x0000000087f00000, 0x0000000087f00000|100%| O|  |TAMS 0x0000000087f00000, 0x0000000087e00000| Untracked 
|  45|0x0000000087f00000, 0x0000000088000000, 0x0000000088000000|100%| O|  |TAMS 0x0000000088000000, 0x0000000087f00000| Updating 
|  46|0x0000000088000000, 0x0000000088100000, 0x0000000088100000|100%| O|  |TAMS 0x0000000088100000, 0x0000000088000000| Untracked 
|  47|0x0000000088100000, 0x0000000088200000, 0x0000000088200000|100%| O|  |TAMS 0x0000000088200000, 0x0000000088100000| Untracked 
|  48|0x0000000088200000, 0x0000000088300000, 0x0000000088300000|100%| O|  |TAMS 0x0000000088300000, 0x0000000088200000| Untracked 
|  49|0x0000000088300000, 0x0000000088400000, 0x0000000088400000|100%| O|  |TAMS 0x0000000088400000, 0x0000000088300000| Untracked 
|  50|0x0000000088400000, 0x0000000088500000, 0x0000000088500000|100%| O|  |TAMS 0x0000000088500000, 0x0000000088400000| Untracked 
|  51|0x0000000088500000, 0x0000000088600000, 0x0000000088600000|100%| O|  |TAMS 0x0000000088600000, 0x0000000088500000| Untracked 
|  52|0x0000000088600000, 0x0000000088700000, 0x0000000088700000|100%| O|  |TAMS 0x0000000088700000, 0x0000000088600000| Untracked 
|  53|0x0000000088700000, 0x0000000088800000, 0x0000000088800000|100%| O|  |TAMS 0x0000000088800000, 0x0000000088700000| Updating 
|  54|0x0000000088800000, 0x0000000088900000, 0x0000000088900000|100%| O|  |TAMS 0x0000000088900000, 0x0000000088800000| Updating 
|  55|0x0000000088900000, 0x0000000088a00000, 0x0000000088a00000|100%| O|  |TAMS 0x0000000088a00000, 0x0000000088900000| Untracked 
|  56|0x0000000088a00000, 0x0000000088b00000, 0x0000000088b00000|100%| O|  |TAMS 0x0000000088b00000, 0x0000000088a00000| Untracked 
|  57|0x0000000088b00000, 0x0000000088c00000, 0x0000000088c00000|100%| O|  |TAMS 0x0000000088c00000, 0x0000000088b00000| Untracked 
|  58|0x0000000088c00000, 0x0000000088d00000, 0x0000000088d00000|100%| O|  |TAMS 0x0000000088d00000, 0x0000000088c00000| Untracked 
|  59|0x0000000088d00000, 0x0000000088e00000, 0x0000000088e00000|100%| O|  |TAMS 0x0000000088e00000, 0x0000000088d00000| Untracked 
|  60|0x0000000088e00000, 0x0000000088f00000, 0x0000000088f00000|100%| O|  |TAMS 0x0000000088f00000, 0x0000000088e00000| Untracked 
|  61|0x0000000088f00000, 0x0000000089000000, 0x0000000089000000|100%| O|  |TAMS 0x0000000089000000, 0x0000000088f00000| Untracked 
|  62|0x0000000089000000, 0x0000000089100000, 0x0000000089100000|100%| O|  |TAMS 0x0000000089100000, 0x0000000089000000| Updating 
|  63|0x0000000089100000, 0x0000000089200000, 0x0000000089200000|100%| O|  |TAMS 0x0000000089200000, 0x0000000089100000| Untracked 
|  64|0x0000000089200000, 0x0000000089300000, 0x0000000089300000|100%| O|  |TAMS 0x0000000089300000, 0x0000000089200000| Untracked 
|  65|0x0000000089300000, 0x0000000089400000, 0x0000000089400000|100%| O|  |TAMS 0x0000000089400000, 0x0000000089300000| Untracked 
|  66|0x0000000089400000, 0x0000000089500000, 0x0000000089500000|100%| O|  |TAMS 0x0000000089500000, 0x0000000089400000| Untracked 
|  67|0x0000000089500000, 0x0000000089600000, 0x0000000089600000|100%| O|  |TAMS 0x0000000089600000, 0x0000000089500000| Untracked 
|  68|0x0000000089600000, 0x0000000089700000, 0x0000000089700000|100%| O|  |TAMS 0x0000000089700000, 0x0000000089600000| Untracked 
|  69|0x0000000089700000, 0x0000000089800000, 0x0000000089800000|100%| O|  |TAMS 0x0000000089800000, 0x0000000089700000| Untracked 
|  70|0x0000000089800000, 0x0000000089900000, 0x0000000089900000|100%| O|  |TAMS 0x0000000089900000, 0x0000000089800000| Untracked 
|  71|0x0000000089900000, 0x0000000089a00000, 0x0000000089a00000|100%| O|  |TAMS 0x0000000089a00000, 0x0000000089900000| Untracked 
|  72|0x0000000089a00000, 0x0000000089b00000, 0x0000000089b00000|100%| O|  |TAMS 0x0000000089b00000, 0x0000000089a00000| Untracked 
|  73|0x0000000089b00000, 0x0000000089c00000, 0x0000000089c00000|100%| O|  |TAMS 0x0000000089c00000, 0x0000000089b00000| Untracked 
|  74|0x0000000089c00000, 0x0000000089d00000, 0x0000000089d00000|100%| O|  |TAMS 0x0000000089d00000, 0x0000000089c00000| Untracked 
|  75|0x0000000089d00000, 0x0000000089e00000, 0x0000000089e00000|100%| O|  |TAMS 0x0000000089e00000, 0x0000000089d00000| Untracked 
|  76|0x0000000089e00000, 0x0000000089f00000, 0x0000000089f00000|100%| O|  |TAMS 0x0000000089f00000, 0x0000000089e00000| Updating 
|  77|0x0000000089f00000, 0x000000008a000000, 0x000000008a000000|100%| O|  |TAMS 0x000000008a000000, 0x0000000089f00000| Untracked 
|  78|0x000000008a000000, 0x000000008a100000, 0x000000008a100000|100%| O|  |TAMS 0x000000008a100000, 0x000000008a000000| Untracked 
|  79|0x000000008a100000, 0x000000008a200000, 0x000000008a200000|100%| O|  |TAMS 0x000000008a200000, 0x000000008a100000| Untracked 
|  80|0x000000008a200000, 0x000000008a300000, 0x000000008a300000|100%| O|  |TAMS 0x000000008a300000, 0x000000008a200000| Untracked 
|  81|0x000000008a300000, 0x000000008a400000, 0x000000008a400000|100%| O|  |TAMS 0x000000008a400000, 0x000000008a300000| Untracked 
|  82|0x000000008a400000, 0x000000008a500000, 0x000000008a500000|100%| O|  |TAMS 0x000000008a500000, 0x000000008a400000| Untracked 
|  83|0x000000008a500000, 0x000000008a600000, 0x000000008a600000|100%| O|  |TAMS 0x000000008a600000, 0x000000008a500000| Untracked 
|  84|0x000000008a600000, 0x000000008a700000, 0x000000008a700000|100%| O|  |TAMS 0x000000008a700000, 0x000000008a600000| Untracked 
|  85|0x000000008a700000, 0x000000008a800000, 0x000000008a800000|100%| O|  |TAMS 0x000000008a800000, 0x000000008a700000| Untracked 
|  86|0x000000008a800000, 0x000000008a900000, 0x000000008a900000|100%| O|  |TAMS 0x000000008a900000, 0x000000008a800000| Untracked 
|  87|0x000000008a900000, 0x000000008aa00000, 0x000000008aa00000|100%| O|  |TAMS 0x000000008aa00000, 0x000000008a900000| Updating 
|  88|0x000000008aa00000, 0x000000008ab00000, 0x000000008ab00000|100%| O|  |TAMS 0x000000008ab00000, 0x000000008aa00000| Untracked 
|  89|0x000000008ab00000, 0x000000008ac00000, 0x000000008ac00000|100%| O|  |TAMS 0x000000008ac00000, 0x000000008ab00000| Untracked 
|  90|0x000000008ac00000, 0x000000008ad00000, 0x000000008ad00000|100%| O|  |TAMS 0x000000008ad00000, 0x000000008ac00000| Untracked 
|  91|0x000000008ad00000, 0x000000008ae00000, 0x000000008ae00000|100%| O|  |TAMS 0x000000008ae00000, 0x000000008ad00000| Updating 
|  92|0x000000008ae00000, 0x000000008af00000, 0x000000008af00000|100%| O|  |TAMS 0x000000008af00000, 0x000000008ae00000| Untracked 
|  93|0x000000008af00000, 0x000000008b000000, 0x000000008b000000|100%| O|  |TAMS 0x000000008b000000, 0x000000008af00000| Untracked 
|  94|0x000000008b000000, 0x000000008b100000, 0x000000008b100000|100%| O|  |TAMS 0x000000008b100000, 0x000000008b000000| Untracked 
|  95|0x000000008b100000, 0x000000008b200000, 0x000000008b200000|100%| O|  |TAMS 0x000000008b200000, 0x000000008b100000| Updating 
|  96|0x000000008b200000, 0x000000008b300000, 0x000000008b300000|100%| O|  |TAMS 0x000000008b300000, 0x000000008b200000| Untracked 
|  97|0x000000008b300000, 0x000000008b400000, 0x000000008b400000|100%| O|  |TAMS 0x000000008b400000, 0x000000008b300000| Untracked 
|  98|0x000000008b400000, 0x000000008b500000, 0x000000008b500000|100%| O|  |TAMS 0x000000008b500000, 0x000000008b400000| Untracked 
|  99|0x000000008b500000, 0x000000008b600000, 0x000000008b600000|100%| O|  |TAMS 0x000000008b600000, 0x000000008b500000| Untracked 
| 100|0x000000008b600000, 0x000000008b700000, 0x000000008b700000|100%| O|  |TAMS 0x000000008b700000, 0x000000008b600000| Updating 
| 101|0x000000008b700000, 0x000000008b800000, 0x000000008b800000|100%| O|  |TAMS 0x000000008b800000, 0x000000008b700000| Untracked 
| 102|0x000000008b800000, 0x000000008b900000, 0x000000008b900000|100%| O|  |TAMS 0x000000008b900000, 0x000000008b800000| Untracked 
| 103|0x000000008b900000, 0x000000008ba00000, 0x000000008ba00000|100%| O|  |TAMS 0x000000008ba00000, 0x000000008b900000| Untracked 
| 104|0x000000008ba00000, 0x000000008bb00000, 0x000000008bb00000|100%| O|  |TAMS 0x000000008bb00000, 0x000000008ba00000| Untracked 
| 105|0x000000008bb00000, 0x000000008bc00000, 0x000000008bc00000|100%| O|  |TAMS 0x000000008bc00000, 0x000000008bb00000| Untracked 
| 106|0x000000008bc00000, 0x000000008bd00000, 0x000000008bd00000|100%| O|  |TAMS 0x000000008bd00000, 0x000000008bc00000| Updating 
| 107|0x000000008bd00000, 0x000000008be00000, 0x000000008be00000|100%| O|  |TAMS 0x000000008be00000, 0x000000008bd00000| Untracked 
| 108|0x000000008be00000, 0x000000008bf00000, 0x000000008bf00000|100%| O|  |TAMS 0x000000008bf00000, 0x000000008be00000| Untracked 
| 109|0x000000008bf00000, 0x000000008c000000, 0x000000008c000000|100%| O|  |TAMS 0x000000008c000000, 0x000000008bf00000| Untracked 
| 110|0x000000008c000000, 0x000000008c100000, 0x000000008c100000|100%| O|  |TAMS 0x000000008c100000, 0x000000008c000000| Untracked 
| 111|0x000000008c100000, 0x000000008c200000, 0x000000008c200000|100%| O|  |TAMS 0x000000008c200000, 0x000000008c100000| Updating 
| 112|0x000000008c200000, 0x000000008c300000, 0x000000008c300000|100%| O|  |TAMS 0x000000008c300000, 0x000000008c200000| Untracked 
| 113|0x000000008c300000, 0x000000008c400000, 0x000000008c400000|100%| O|  |TAMS 0x000000008c400000, 0x000000008c300000| Untracked 
| 114|0x000000008c400000, 0x000000008c500000, 0x000000008c500000|100%| O|  |TAMS 0x000000008c500000, 0x000000008c400000| Untracked 
| 115|0x000000008c500000, 0x000000008c600000, 0x000000008c600000|100%| O|  |TAMS 0x000000008c600000, 0x000000008c500000| Updating 
| 116|0x000000008c600000, 0x000000008c700000, 0x000000008c700000|100%| O|  |TAMS 0x000000008c700000, 0x000000008c600000| Untracked 
| 117|0x000000008c700000, 0x000000008c800000, 0x000000008c800000|100%| O|  |TAMS 0x000000008c800000, 0x000000008c700000| Untracked 
| 118|0x000000008c800000, 0x000000008c900000, 0x000000008c900000|100%| O|  |TAMS 0x000000008c900000, 0x000000008c800000| Untracked 
| 119|0x000000008c900000, 0x000000008ca00000, 0x000000008ca00000|100%| O|  |TAMS 0x000000008ca00000, 0x000000008c900000| Untracked 
| 120|0x000000008ca00000, 0x000000008cb00000, 0x000000008cb00000|100%| O|  |TAMS 0x000000008cb00000, 0x000000008ca00000| Untracked 
| 121|0x000000008cb00000, 0x000000008cc00000, 0x000000008cc00000|100%| O|  |TAMS 0x000000008cc00000, 0x000000008cb00000| Untracked 
| 122|0x000000008cc00000, 0x000000008cd00000, 0x000000008cd00000|100%| O|  |TAMS 0x000000008cd00000, 0x000000008cc00000| Untracked 
| 123|0x000000008cd00000, 0x000000008ce00000, 0x000000008ce00000|100%| O|  |TAMS 0x000000008ce00000, 0x000000008cd00000| Updating 
| 124|0x000000008ce00000, 0x000000008cf00000, 0x000000008cf00000|100%| O|  |TAMS 0x000000008cf00000, 0x000000008ce00000| Untracked 
| 125|0x000000008cf00000, 0x000000008d000000, 0x000000008d000000|100%| O|  |TAMS 0x000000008d000000, 0x000000008cf00000| Untracked 
| 126|0x000000008d000000, 0x000000008d100000, 0x000000008d100000|100%| O|  |TAMS 0x000000008d100000, 0x000000008d000000| Untracked 
| 127|0x000000008d100000, 0x000000008d200000, 0x000000008d200000|100%| O|  |TAMS 0x000000008d200000, 0x000000008d100000| Updating 
| 128|0x000000008d200000, 0x000000008d300000, 0x000000008d300000|100%| O|  |TAMS 0x000000008d300000, 0x000000008d200000| Untracked 
| 129|0x000000008d300000, 0x000000008d400000, 0x000000008d400000|100%| O|  |TAMS 0x000000008d400000, 0x000000008d300000| Untracked 
| 130|0x000000008d400000, 0x000000008d500000, 0x000000008d500000|100%| O|  |TAMS 0x000000008d500000, 0x000000008d400000| Untracked 
| 131|0x000000008d500000, 0x000000008d600000, 0x000000008d600000|100%| O|  |TAMS 0x000000008d600000, 0x000000008d500000| Untracked 
| 132|0x000000008d600000, 0x000000008d700000, 0x000000008d700000|100%| O|  |TAMS 0x000000008d700000, 0x000000008d600000| Untracked 
| 133|0x000000008d700000, 0x000000008d800000, 0x000000008d800000|100%| O|  |TAMS 0x000000008d800000, 0x000000008d700000| Updating 
| 134|0x000000008d800000, 0x000000008d900000, 0x000000008d900000|100%| O|  |TAMS 0x000000008d900000, 0x000000008d800000| Untracked 
| 135|0x000000008d900000, 0x000000008da00000, 0x000000008da00000|100%| O|  |TAMS 0x000000008da00000, 0x000000008d900000| Untracked 
| 136|0x000000008da00000, 0x000000008db00000, 0x000000008db00000|100%| O|  |TAMS 0x000000008db00000, 0x000000008da00000| Untracked 
| 137|0x000000008db00000, 0x000000008dc00000, 0x000000008dc00000|100%| O|  |TAMS 0x000000008dc00000, 0x000000008db00000| Untracked 
| 138|0x000000008dc00000, 0x000000008dd00000, 0x000000008dd00000|100%| O|  |TAMS 0x000000008dd00000, 0x000000008dc00000| Untracked 
| 139|0x000000008dd00000, 0x000000008de00000, 0x000000008de00000|100%| O|  |TAMS 0x000000008de00000, 0x000000008dd00000| Untracked 
| 140|0x000000008de00000, 0x000000008df00000, 0x000000008df00000|100%| O|  |TAMS 0x000000008df00000, 0x000000008de00000| Untracked 
| 141|0x000000008df00000, 0x000000008e000000, 0x000000008e000000|100%| O|  |TAMS 0x000000008e000000, 0x000000008df00000| Updating 
| 142|0x000000008e000000, 0x000000008e100000, 0x000000008e100000|100%| O|  |TAMS 0x000000008e100000, 0x000000008e000000| Updating 
| 143|0x000000008e100000, 0x000000008e200000, 0x000000008e200000|100%| O|  |TAMS 0x000000008e200000, 0x000000008e100000| Untracked 
| 144|0x000000008e200000, 0x000000008e300000, 0x000000008e300000|100%| O|  |TAMS 0x000000008e300000, 0x000000008e200000| Untracked 
| 145|0x000000008e300000, 0x000000008e400000, 0x000000008e400000|100%| O|  |TAMS 0x000000008e400000, 0x000000008e300000| Untracked 
| 146|0x000000008e400000, 0x000000008e500000, 0x000000008e500000|100%| O|  |TAMS 0x000000008e500000, 0x000000008e400000| Untracked 
| 147|0x000000008e500000, 0x000000008e600000, 0x000000008e600000|100%| O|  |TAMS 0x000000008e600000, 0x000000008e500000| Untracked 
| 148|0x000000008e600000, 0x000000008e700000, 0x000000008e700000|100%| O|  |TAMS 0x000000008e700000, 0x000000008e600000| Untracked 
| 149|0x000000008e700000, 0x000000008e800000, 0x000000008e800000|100%| O|  |TAMS 0x000000008e800000, 0x000000008e700000| Updating 
| 150|0x000000008e800000, 0x000000008e900000, 0x000000008e900000|100%| O|  |TAMS 0x000000008e900000, 0x000000008e800000| Updating 
| 151|0x000000008e900000, 0x000000008ea00000, 0x000000008ea00000|100%| O|  |TAMS 0x000000008ea00000, 0x000000008e900000| Untracked 
| 152|0x000000008ea00000, 0x000000008eb00000, 0x000000008eb00000|100%| O|  |TAMS 0x000000008eb00000, 0x000000008ea00000| Untracked 
| 153|0x000000008eb00000, 0x000000008ec00000, 0x000000008ec00000|100%| O|  |TAMS 0x000000008ec00000, 0x000000008eb00000| Untracked 
| 154|0x000000008ec00000, 0x000000008ed00000, 0x000000008ed00000|100%| O|  |TAMS 0x000000008ed00000, 0x000000008ec00000| Untracked 
| 155|0x000000008ed00000, 0x000000008ee00000, 0x000000008ee00000|100%| O|  |TAMS 0x000000008ee00000, 0x000000008ed00000| Untracked 
| 156|0x000000008ee00000, 0x000000008ef00000, 0x000000008ef00000|100%| O|  |TAMS 0x000000008ef00000, 0x000000008ee00000| Untracked 
| 157|0x000000008ef00000, 0x000000008f000000, 0x000000008f000000|100%| O|  |TAMS 0x000000008f000000, 0x000000008ef00000| Untracked 
| 158|0x000000008f000000, 0x000000008f100000, 0x000000008f100000|100%| O|  |TAMS 0x000000008f100000, 0x000000008f000000| Untracked 
| 159|0x000000008f100000, 0x000000008f200000, 0x000000008f200000|100%| O|  |TAMS 0x000000008f200000, 0x000000008f100000| Untracked 
| 160|0x000000008f200000, 0x000000008f300000, 0x000000008f300000|100%| O|  |TAMS 0x000000008f300000, 0x000000008f200000| Updating 
| 161|0x000000008f300000, 0x000000008f400000, 0x000000008f400000|100%| O|  |TAMS 0x000000008f400000, 0x000000008f300000| Untracked 
| 162|0x000000008f400000, 0x000000008f500000, 0x000000008f500000|100%| O|  |TAMS 0x000000008f500000, 0x000000008f400000| Untracked 
| 163|0x000000008f500000, 0x000000008f600000, 0x000000008f600000|100%| O|  |TAMS 0x000000008f600000, 0x000000008f500000| Untracked 
| 164|0x000000008f600000, 0x000000008f700000, 0x000000008f700000|100%| O|  |TAMS 0x000000008f700000, 0x000000008f600000| Untracked 
| 165|0x000000008f700000, 0x000000008f800000, 0x000000008f800000|100%| O|  |TAMS 0x000000008f800000, 0x000000008f700000| Untracked 
| 166|0x000000008f800000, 0x000000008f900000, 0x000000008f900000|100%| O|  |TAMS 0x000000008f900000, 0x000000008f800000| Untracked 
| 167|0x000000008f900000, 0x000000008fa00000, 0x000000008fa00000|100%| O|  |TAMS 0x000000008fa00000, 0x000000008f900000| Updating 
| 168|0x000000008fa00000, 0x000000008fb00000, 0x000000008fb00000|100%| O|  |TAMS 0x000000008fb00000, 0x000000008fa00000| Untracked 
| 169|0x000000008fb00000, 0x000000008fc00000, 0x000000008fc00000|100%| O|  |TAMS 0x000000008fc00000, 0x000000008fb00000| Untracked 
| 170|0x000000008fc00000, 0x000000008fd00000, 0x000000008fd00000|100%| O|  |TAMS 0x000000008fd00000, 0x000000008fc00000| Untracked 
| 171|0x000000008fd00000, 0x000000008fe00000, 0x000000008fe00000|100%| O|  |TAMS 0x000000008fe00000, 0x000000008fd00000| Untracked 
| 172|0x000000008fe00000, 0x000000008ff00000, 0x000000008ff00000|100%| O|  |TAMS 0x000000008ff00000, 0x000000008fe00000| Updating 
| 173|0x000000008ff00000, 0x0000000090000000, 0x0000000090000000|100%| O|  |TAMS 0x0000000090000000, 0x000000008ff00000| Untracked 
| 174|0x0000000090000000, 0x0000000090100000, 0x0000000090100000|100%| O|  |TAMS 0x0000000090100000, 0x0000000090000000| Untracked 
| 175|0x0000000090100000, 0x0000000090200000, 0x0000000090200000|100%| O|  |TAMS 0x0000000090200000, 0x0000000090100000| Updating 
| 176|0x0000000090200000, 0x0000000090300000, 0x0000000090300000|100%| O|  |TAMS 0x0000000090300000, 0x0000000090200000| Untracked 
| 177|0x0000000090300000, 0x0000000090400000, 0x0000000090400000|100%| O|  |TAMS 0x0000000090400000, 0x0000000090300000| Untracked 
| 178|0x0000000090400000, 0x0000000090500000, 0x0000000090500000|100%| O|  |TAMS 0x0000000090500000, 0x0000000090400000| Untracked 
| 179|0x0000000090500000, 0x0000000090600000, 0x0000000090600000|100%| O|  |TAMS 0x0000000090600000, 0x0000000090500000| Updating 
| 180|0x0000000090600000, 0x0000000090700000, 0x0000000090700000|100%| O|  |TAMS 0x0000000090700000, 0x0000000090600000| Untracked 
| 181|0x0000000090700000, 0x0000000090800000, 0x0000000090800000|100%| O|  |TAMS 0x0000000090800000, 0x0000000090700000| Untracked 
| 182|0x0000000090800000, 0x0000000090900000, 0x0000000090900000|100%| O|  |TAMS 0x0000000090900000, 0x0000000090800000| Untracked 
| 183|0x0000000090900000, 0x0000000090a00000, 0x0000000090a00000|100%| O|  |TAMS 0x0000000090a00000, 0x0000000090900000| Untracked 
| 184|0x0000000090a00000, 0x0000000090b00000, 0x0000000090b00000|100%| O|  |TAMS 0x0000000090b00000, 0x0000000090a00000| Updating 
| 185|0x0000000090b00000, 0x0000000090c00000, 0x0000000090c00000|100%| O|  |TAMS 0x0000000090c00000, 0x0000000090b00000| Updating 
| 186|0x0000000090c00000, 0x0000000090d00000, 0x0000000090d00000|100%| O|  |TAMS 0x0000000090d00000, 0x0000000090c00000| Untracked 
| 187|0x0000000090d00000, 0x0000000090e00000, 0x0000000090e00000|100%| O|  |TAMS 0x0000000090e00000, 0x0000000090d00000| Untracked 
| 188|0x0000000090e00000, 0x0000000090f00000, 0x0000000090f00000|100%| O|  |TAMS 0x0000000090f00000, 0x0000000090e00000| Untracked 
| 189|0x0000000090f00000, 0x0000000091000000, 0x0000000091000000|100%| O|  |TAMS 0x0000000091000000, 0x0000000090f00000| Untracked 
| 190|0x0000000091000000, 0x0000000091100000, 0x0000000091100000|100%| O|  |TAMS 0x0000000091100000, 0x0000000091000000| Untracked 
| 191|0x0000000091100000, 0x0000000091200000, 0x0000000091200000|100%| O|  |TAMS 0x0000000091200000, 0x0000000091100000| Untracked 
| 192|0x0000000091200000, 0x0000000091300000, 0x0000000091300000|100%| O|  |TAMS 0x0000000091300000, 0x0000000091200000| Updating 
| 193|0x0000000091300000, 0x0000000091400000, 0x0000000091400000|100%| O|  |TAMS 0x0000000091400000, 0x0000000091300000| Untracked 
| 194|0x0000000091400000, 0x0000000091500000, 0x0000000091500000|100%| O|  |TAMS 0x0000000091500000, 0x0000000091400000| Untracked 
| 195|0x0000000091500000, 0x0000000091600000, 0x0000000091600000|100%| O|  |TAMS 0x0000000091600000, 0x0000000091500000| Untracked 
| 196|0x0000000091600000, 0x0000000091700000, 0x0000000091700000|100%| O|  |TAMS 0x0000000091700000, 0x0000000091600000| Untracked 
| 197|0x0000000091700000, 0x0000000091800000, 0x0000000091800000|100%| O|  |TAMS 0x0000000091800000, 0x0000000091700000| Untracked 
| 198|0x0000000091800000, 0x0000000091900000, 0x0000000091900000|100%| O|  |TAMS 0x0000000091900000, 0x0000000091800000| Untracked 
| 199|0x0000000091900000, 0x0000000091a00000, 0x0000000091a00000|100%| O|  |TAMS 0x0000000091a00000, 0x0000000091900000| Untracked 
| 200|0x0000000091a00000, 0x0000000091b00000, 0x0000000091b00000|100%| O|  |TAMS 0x0000000091b00000, 0x0000000091a00000| Untracked 
| 201|0x0000000091b00000, 0x0000000091c00000, 0x0000000091c00000|100%| O|  |TAMS 0x0000000091c00000, 0x0000000091b00000| Untracked 
| 202|0x0000000091c00000, 0x0000000091d00000, 0x0000000091d00000|100%| O|  |TAMS 0x0000000091d00000, 0x0000000091c00000| Untracked 
| 203|0x0000000091d00000, 0x0000000091e00000, 0x0000000091e00000|100%| O|  |TAMS 0x0000000091e00000, 0x0000000091d00000| Untracked 
| 204|0x0000000091e00000, 0x0000000091f00000, 0x0000000091f00000|100%| O|  |TAMS 0x0000000091f00000, 0x0000000091e00000| Untracked 
| 205|0x0000000091f00000, 0x0000000092000000, 0x0000000092000000|100%| O|  |TAMS 0x0000000092000000, 0x0000000091f00000| Untracked 
| 206|0x0000000092000000, 0x0000000092100000, 0x0000000092100000|100%| O|  |TAMS 0x0000000092100000, 0x0000000092000000| Updating 
| 207|0x0000000092100000, 0x0000000092200000, 0x0000000092200000|100%| O|  |TAMS 0x0000000092200000, 0x0000000092100000| Updating 
| 208|0x0000000092200000, 0x0000000092300000, 0x0000000092300000|100%| O|  |TAMS 0x0000000092300000, 0x0000000092200000| Untracked 
| 209|0x0000000092300000, 0x0000000092400000, 0x0000000092400000|100%| O|  |TAMS 0x0000000092400000, 0x0000000092300000| Untracked 
| 210|0x0000000092400000, 0x0000000092500000, 0x0000000092500000|100%| O|  |TAMS 0x0000000092500000, 0x0000000092400000| Untracked 
| 211|0x0000000092500000, 0x0000000092600000, 0x0000000092600000|100%| O|  |TAMS 0x0000000092600000, 0x0000000092500000| Untracked 
| 212|0x0000000092600000, 0x0000000092700000, 0x0000000092700000|100%| O|  |TAMS 0x0000000092700000, 0x0000000092600000| Untracked 
| 213|0x0000000092700000, 0x0000000092800000, 0x0000000092800000|100%| O|  |TAMS 0x0000000092800000, 0x0000000092700000| Untracked 
| 214|0x0000000092800000, 0x0000000092900000, 0x0000000092900000|100%| O|  |TAMS 0x0000000092900000, 0x0000000092800000| Untracked 
| 215|0x0000000092900000, 0x0000000092a00000, 0x0000000092a00000|100%| O|  |TAMS 0x0000000092a00000, 0x0000000092900000| Untracked 
| 216|0x0000000092a00000, 0x0000000092b00000, 0x0000000092b00000|100%| O|  |TAMS 0x0000000092b00000, 0x0000000092a00000| Untracked 
| 217|0x0000000092b00000, 0x0000000092c00000, 0x0000000092c00000|100%| O|  |TAMS 0x0000000092c00000, 0x0000000092b00000| Updating 
| 218|0x0000000092c00000, 0x0000000092d00000, 0x0000000092d00000|100%| O|  |TAMS 0x0000000092d00000, 0x0000000092c00000| Updating 
| 219|0x0000000092d00000, 0x0000000092e00000, 0x0000000092e00000|100%| O|  |TAMS 0x0000000092e00000, 0x0000000092d00000| Untracked 
| 220|0x0000000092e00000, 0x0000000092f00000, 0x0000000092f00000|100%| O|  |TAMS 0x0000000092f00000, 0x0000000092e00000| Untracked 
| 221|0x0000000092f00000, 0x0000000093000000, 0x0000000093000000|100%| O|  |TAMS 0x0000000093000000, 0x0000000092f00000| Untracked 
| 222|0x0000000093000000, 0x0000000093100000, 0x0000000093100000|100%| O|  |TAMS 0x0000000093100000, 0x0000000093000000| Untracked 
| 223|0x0000000093100000, 0x0000000093200000, 0x0000000093200000|100%| O|  |TAMS 0x0000000093200000, 0x0000000093100000| Untracked 
| 224|0x0000000093200000, 0x0000000093300000, 0x0000000093300000|100%| O|  |TAMS 0x0000000093300000, 0x0000000093200000| Untracked 
| 225|0x0000000093300000, 0x0000000093400000, 0x0000000093400000|100%| O|  |TAMS 0x0000000093400000, 0x0000000093300000| Untracked 
| 226|0x0000000093400000, 0x0000000093500000, 0x0000000093500000|100%| O|  |TAMS 0x0000000093500000, 0x0000000093400000| Updating 
| 227|0x0000000093500000, 0x0000000093600000, 0x0000000093600000|100%| O|  |TAMS 0x0000000093600000, 0x0000000093500000| Updating 
| 228|0x0000000093600000, 0x0000000093700000, 0x0000000093700000|100%| O|  |TAMS 0x0000000093700000, 0x0000000093600000| Updating 
| 229|0x0000000093700000, 0x0000000093800000, 0x0000000093800000|100%| O|  |TAMS 0x0000000093800000, 0x0000000093700000| Untracked 
| 230|0x0000000093800000, 0x0000000093900000, 0x0000000093900000|100%| O|  |TAMS 0x0000000093900000, 0x0000000093800000| Untracked 
| 231|0x0000000093900000, 0x0000000093a00000, 0x0000000093a00000|100%| O|  |TAMS 0x0000000093a00000, 0x0000000093900000| Untracked 
| 232|0x0000000093a00000, 0x0000000093b00000, 0x0000000093b00000|100%| O|  |TAMS 0x0000000093b00000, 0x0000000093a00000| Untracked 
| 233|0x0000000093b00000, 0x0000000093c00000, 0x0000000093c00000|100%| O|  |TAMS 0x0000000093c00000, 0x0000000093b00000| Untracked 
| 234|0x0000000093c00000, 0x0000000093d00000, 0x0000000093d00000|100%| O|  |TAMS 0x0000000093d00000, 0x0000000093c00000| Untracked 
| 235|0x0000000093d00000, 0x0000000093e00000, 0x0000000093e00000|100%| O|  |TAMS 0x0000000093e00000, 0x0000000093d00000| Untracked 
| 236|0x0000000093e00000, 0x0000000093f00000, 0x0000000093f00000|100%| O|  |TAMS 0x0000000093f00000, 0x0000000093e00000| Updating 
| 237|0x0000000093f00000, 0x0000000094000000, 0x0000000094000000|100%| O|  |TAMS 0x0000000094000000, 0x0000000093f00000| Untracked 
| 238|0x0000000094000000, 0x0000000094100000, 0x0000000094100000|100%| O|  |TAMS 0x0000000094100000, 0x0000000094000000| Untracked 
| 239|0x0000000094100000, 0x0000000094200000, 0x0000000094200000|100%| O|  |TAMS 0x0000000094200000, 0x0000000094100000| Untracked 
| 240|0x0000000094200000, 0x0000000094300000, 0x0000000094300000|100%| O|  |TAMS 0x0000000094300000, 0x0000000094200000| Untracked 
| 241|0x0000000094300000, 0x0000000094400000, 0x0000000094400000|100%| O|  |TAMS 0x0000000094400000, 0x0000000094300000| Updating 
| 242|0x0000000094400000, 0x0000000094500000, 0x0000000094500000|100%| O|  |TAMS 0x0000000094500000, 0x0000000094400000| Updating 
| 243|0x0000000094500000, 0x0000000094600000, 0x0000000094600000|100%| O|  |TAMS 0x0000000094600000, 0x0000000094500000| Untracked 
| 244|0x0000000094600000, 0x0000000094700000, 0x0000000094700000|100%| O|  |TAMS 0x0000000094700000, 0x0000000094600000| Untracked 
| 245|0x0000000094700000, 0x0000000094800000, 0x0000000094800000|100%| O|  |TAMS 0x0000000094800000, 0x0000000094700000| Untracked 
| 246|0x0000000094800000, 0x0000000094900000, 0x0000000094900000|100%| O|  |TAMS 0x0000000094900000, 0x0000000094800000| Untracked 
| 247|0x0000000094900000, 0x0000000094a00000, 0x0000000094a00000|100%| O|  |TAMS 0x0000000094a00000, 0x0000000094900000| Updating 
| 248|0x0000000094a00000, 0x0000000094b00000, 0x0000000094b00000|100%| O|  |TAMS 0x0000000094b00000, 0x0000000094a00000| Updating 
| 249|0x0000000094b00000, 0x0000000094c00000, 0x0000000094c00000|100%| O|  |TAMS 0x0000000094c00000, 0x0000000094b00000| Untracked 
| 250|0x0000000094c00000, 0x0000000094d00000, 0x0000000094d00000|100%| O|  |TAMS 0x0000000094d00000, 0x0000000094c00000| Untracked 
| 251|0x0000000094d00000, 0x0000000094e00000, 0x0000000094e00000|100%| O|  |TAMS 0x0000000094e00000, 0x0000000094d00000| Untracked 
| 252|0x0000000094e00000, 0x0000000094f00000, 0x0000000094f00000|100%| O|  |TAMS 0x0000000094f00000, 0x0000000094e00000| Updating 
| 253|0x0000000094f00000, 0x0000000095000000, 0x0000000095000000|100%| O|  |TAMS 0x0000000095000000, 0x0000000094f00000| Untracked 
| 254|0x0000000095000000, 0x0000000095100000, 0x0000000095100000|100%| O|  |TAMS 0x0000000095100000, 0x0000000095000000| Untracked 
| 255|0x0000000095100000, 0x0000000095200000, 0x0000000095200000|100%| O|  |TAMS 0x0000000095200000, 0x0000000095100000| Untracked 
| 256|0x0000000095200000, 0x0000000095300000, 0x0000000095300000|100%| O|  |TAMS 0x0000000095300000, 0x0000000095200000| Updating 
| 257|0x0000000095300000, 0x0000000095400000, 0x0000000095400000|100%| O|  |TAMS 0x0000000095400000, 0x0000000095300000| Untracked 
| 258|0x0000000095400000, 0x0000000095500000, 0x0000000095500000|100%| O|  |TAMS 0x0000000095500000, 0x0000000095400000| Untracked 
| 259|0x0000000095500000, 0x0000000095600000, 0x0000000095600000|100%| O|  |TAMS 0x0000000095600000, 0x0000000095500000| Untracked 
| 260|0x0000000095600000, 0x0000000095700000, 0x0000000095700000|100%| O|  |TAMS 0x00000000956e3c00, 0x0000000095600000| Updating 
| 261|0x0000000095700000, 0x0000000095800000, 0x0000000095800000|100%| O|  |TAMS 0x0000000095700000, 0x0000000095700000| Untracked 
| 262|0x0000000095800000, 0x0000000095900000, 0x0000000095900000|100%| O|  |TAMS 0x0000000095800000, 0x0000000095800000| Untracked 
| 263|0x0000000095900000, 0x0000000095a00000, 0x0000000095a00000|100%| O|  |TAMS 0x0000000095900000, 0x0000000095900000| Untracked 
| 264|0x0000000095a00000, 0x0000000095b00000, 0x0000000095b00000|100%| O|  |TAMS 0x0000000095a00000, 0x0000000095a00000| Untracked 
| 265|0x0000000095b00000, 0x0000000095b00000, 0x0000000095c00000|  0%| F|  |TAMS 0x0000000095b00000, 0x0000000095b00000| Untracked 
| 266|0x0000000095c00000, 0x0000000095c00000, 0x0000000095d00000|  0%| F|  |TAMS 0x0000000095c00000, 0x0000000095c00000| Untracked 
| 267|0x0000000095d00000, 0x0000000095d00000, 0x0000000095e00000|  0%| F|  |TAMS 0x0000000095d00000, 0x0000000095d00000| Untracked 
| 268|0x0000000095e00000, 0x0000000095e00000, 0x0000000095f00000|  0%| F|  |TAMS 0x0000000095e00000, 0x0000000095e00000| Untracked 
| 269|0x0000000095f00000, 0x0000000095f00000, 0x0000000096000000|  0%| F|  |TAMS 0x0000000095f00000, 0x0000000095f00000| Untracked 
| 270|0x0000000096000000, 0x0000000096000000, 0x0000000096100000|  0%| F|  |TAMS 0x0000000096000000, 0x0000000096000000| Untracked 
| 271|0x0000000096100000, 0x0000000096100000, 0x0000000096200000|  0%| F|  |TAMS 0x0000000096100000, 0x0000000096100000| Untracked 
| 272|0x0000000096200000, 0x0000000096200000, 0x0000000096300000|  0%| F|  |TAMS 0x0000000096200000, 0x0000000096200000| Untracked 
| 273|0x0000000096300000, 0x0000000096300000, 0x0000000096400000|  0%| F|  |TAMS 0x0000000096300000, 0x0000000096300000| Untracked 
| 274|0x0000000096400000, 0x0000000096400000, 0x0000000096500000|  0%| F|  |TAMS 0x0000000096400000, 0x0000000096400000| Untracked 
| 275|0x0000000096500000, 0x0000000096500000, 0x0000000096600000|  0%| F|  |TAMS 0x0000000096500000, 0x0000000096500000| Untracked 
| 276|0x0000000096600000, 0x0000000096600000, 0x0000000096700000|  0%| F|  |TAMS 0x0000000096600000, 0x0000000096600000| Untracked 
| 277|0x0000000096700000, 0x0000000096700000, 0x0000000096800000|  0%| F|  |TAMS 0x0000000096700000, 0x0000000096700000| Untracked 
| 278|0x0000000096800000, 0x0000000096800000, 0x0000000096900000|  0%| F|  |TAMS 0x0000000096800000, 0x0000000096800000| Untracked 
| 279|0x0000000096900000, 0x0000000096900000, 0x0000000096a00000|  0%| F|  |TAMS 0x0000000096900000, 0x0000000096900000| Untracked 
| 280|0x0000000096a00000, 0x0000000096a00000, 0x0000000096b00000|  0%| F|  |TAMS 0x0000000096a00000, 0x0000000096a00000| Untracked 
| 281|0x0000000096b00000, 0x0000000096b00000, 0x0000000096c00000|  0%| F|  |TAMS 0x0000000096b00000, 0x0000000096b00000| Untracked 
| 282|0x0000000096c00000, 0x0000000096c00000, 0x0000000096d00000|  0%| F|  |TAMS 0x0000000096c00000, 0x0000000096c00000| Untracked 
| 283|0x0000000096d00000, 0x0000000096d00000, 0x0000000096e00000|  0%| F|  |TAMS 0x0000000096d00000, 0x0000000096d00000| Untracked 
| 284|0x0000000096e00000, 0x0000000096f00000, 0x0000000096f00000|100%| S|CS|TAMS 0x0000000096e00000, 0x0000000096e00000| Complete 
| 285|0x0000000096f00000, 0x0000000097000000, 0x0000000097000000|100%| S|CS|TAMS 0x0000000096f00000, 0x0000000096f00000| Complete 
| 286|0x0000000097000000, 0x0000000097000000, 0x0000000097100000|  0%| F|  |TAMS 0x0000000097000000, 0x0000000097000000| Untracked 
| 287|0x0000000097100000, 0x0000000097100000, 0x0000000097200000|  0%| F|  |TAMS 0x0000000097100000, 0x0000000097100000| Untracked 
| 288|0x0000000097200000, 0x0000000097200000, 0x0000000097300000|  0%| F|  |TAMS 0x0000000097200000, 0x0000000097200000| Untracked 
| 289|0x0000000097300000, 0x0000000097300000, 0x0000000097400000|  0%| F|  |TAMS 0x0000000097300000, 0x0000000097300000| Untracked 
| 290|0x0000000097400000, 0x0000000097400000, 0x0000000097500000|  0%| F|  |TAMS 0x0000000097400000, 0x0000000097400000| Untracked 
| 291|0x0000000097500000, 0x0000000097500000, 0x0000000097600000|  0%| F|  |TAMS 0x0000000097500000, 0x0000000097500000| Untracked 
| 292|0x0000000097600000, 0x0000000097600000, 0x0000000097700000|  0%| F|  |TAMS 0x0000000097600000, 0x0000000097600000| Untracked 
| 293|0x0000000097700000, 0x0000000097700000, 0x0000000097800000|  0%| F|  |TAMS 0x0000000097700000, 0x0000000097700000| Untracked 
| 294|0x0000000097800000, 0x0000000097800000, 0x0000000097900000|  0%| F|  |TAMS 0x0000000097800000, 0x0000000097800000| Untracked 
| 295|0x0000000097900000, 0x0000000097900000, 0x0000000097a00000|  0%| F|  |TAMS 0x0000000097900000, 0x0000000097900000| Untracked 
| 296|0x0000000097a00000, 0x0000000097a00000, 0x0000000097b00000|  0%| F|  |TAMS 0x0000000097a00000, 0x0000000097a00000| Untracked 
| 297|0x0000000097b00000, 0x0000000097b00000, 0x0000000097c00000|  0%| F|  |TAMS 0x0000000097b00000, 0x0000000097b00000| Untracked 
| 298|0x0000000097c00000, 0x0000000097c7b518, 0x0000000097d00000| 48%| E|  |TAMS 0x0000000097c00000, 0x0000000097c00000| Complete 

Card table byte_map: [0x0000021f75b90000,0x0000021f75f70000] _byte_map_base: 0x0000021f75767000

Marking Bits (Prev, Next): (CMBitMap*) 0x0000021f6d6da650, (CMBitMap*) 0x0000021f6d6da690
 Prev Bits: [0x0000021f76350000, 0x0000021f78208000)
 Next Bits: [0x0000021f78210000, 0x0000021f7a0c8000)

Polling page: 0x0000021f6b610000

Metaspace:

Usage:
  Non-class:     10.48 MB used.
      Class:      1.22 MB used.
       Both:     11.70 MB used.

Virtual space:
  Non-class space:       64.00 MB reserved,      10.56 MB ( 17%) committed,  1 nodes.
      Class space:        1.00 GB reserved,       1.31 MB ( <1%) committed,  1 nodes.
             Both:        1.06 GB reserved,      11.88 MB (  1%) committed. 

Chunk freelists:
   Non-Class:  4.97 MB
       Class:  14.73 MB
        Both:  19.70 MB

MaxMetaspaceSize: unlimited
CompressedClassSpaceSize: 1.00 GB
Initial GC threshold: 21.00 MB
Current GC threshold: 21.00 MB
CDS: on
MetaspaceReclaimPolicy: balanced
 - commit_granule_bytes: 65536.
 - commit_granule_words: 8192.
 - virtual_space_node_default_size: 8388608.
 - enlarge_chunks_in_place: 1.
 - new_chunks_are_fully_committed: 0.
 - uncommit_free_chunks: 1.
 - use_allocation_guard: 0.
 - handle_deallocations: 1.


Internal statistics:

num_allocs_failed_limit: 0.
num_arena_births: 120.
num_arena_deaths: 0.
num_vsnodes_births: 2.
num_vsnodes_deaths: 0.
num_space_committed: 190.
num_space_uncommitted: 0.
num_chunks_returned_to_freelist: 0.
num_chunks_taken_from_freelist: 188.
num_chunk_merges: 0.
num_chunk_splits: 101.
num_chunks_enlarged: 36.
num_purges: 0.
num_inconsistent_stats: 0.

CodeHeap 'non-profiled nmethods': size=119168Kb used=3929Kb max_used=3929Kb free=115238Kb
 bounds [0x0000021f07ba0000, 0x0000021f07f80000, 0x0000021f0f000000]
CodeHeap 'profiled nmethods': size=119104Kb used=7600Kb max_used=7600Kb free=111504Kb
 bounds [0x0000021f00000000, 0x0000021f00770000, 0x0000021f07450000]
CodeHeap 'non-nmethods': size=7488Kb used=1298Kb max_used=1355Kb free=6189Kb
 bounds [0x0000021f07450000, 0x0000021f076c0000, 0x0000021f07ba0000]
 total_blobs=4565 nmethods=3943 adapters=533
 compilation: enabled
              stopped_count=0, restarted_count=0
 full_count=0

Compilation events (20 events):
Event: 252.274 Thread 0x0000021f7d046260 nmethod 3934 0x0000021f07f6ae10 code [0x0000021f07f6b000, 0x0000021f07f6b990]
Event: 254.795 Thread 0x0000021f7d046260 3935       4       sun.java2d.Disposer::addRecord (17 bytes)
Event: 254.798 Thread 0x0000021f7d046260 nmethod 3935 0x0000021f07f6c090 code [0x0000021f07f6c240, 0x0000021f07f6c7c8]
Event: 254.852 Thread 0x0000021f7d046260 3936       4       sun.awt.windows.WComponentPeer::createScreenSurface (28 bytes)
Event: 254.861 Thread 0x0000021f7d046260 nmethod 3936 0x0000021f07f6ca10 code [0x0000021f07f6cc20, 0x0000021f07f6dd68]
Event: 254.861 Thread 0x0000021f7d046260 3937   !   4       sun.java2d.d3d.D3DScreenUpdateManager::createScreenSurface (74 bytes)
Event: 254.870 Thread 0x0000021f7d046260 nmethod 3937 0x0000021f07f6e790 code [0x0000021f07f6e980, 0x0000021f07f6f7e8]
Event: 254.870 Thread 0x0000021f7d046260 3938       4       sun.java2d.windows.GDIWindowSurfaceData::createData (18 bytes)
Event: 254.878 Thread 0x0000021f7d046260 nmethod 3938 0x0000021f07f70110 code [0x0000021f07f70300, 0x0000021f07f710a8]
Event: 254.878 Thread 0x0000021f7d046260 3939       4       sun.java2d.windows.GDIWindowSurfaceData::getSurfaceType (183 bytes)
Event: 254.879 Thread 0x0000021f7d046260 nmethod 3939 0x0000021f07f71910 code [0x0000021f07f71aa0, 0x0000021f07f71b78]
Event: 254.879 Thread 0x0000021f7d046260 3940       4       sun.java2d.windows.GDIWindowSurfaceData::<init> (203 bytes)
Event: 254.885 Thread 0x0000021f7d046260 nmethod 3940 0x0000021f07f71d10 code [0x0000021f07f71ee0, 0x0000021f07f72be8]
Event: 254.885 Thread 0x0000021f7d046260 3941  s    4       sun.awt.Win32GraphicsConfig::getSolidLoops (39 bytes)
Event: 254.886 Thread 0x0000021f7d046260 nmethod 3941 0x0000021f07f73310 code [0x0000021f07f73480, 0x0000021f07f73678]
Event: 258.170 Thread 0x0000021f7d046260 3942       4       javax.swing.plaf.basic.BasicDesktopPaneUI$Handler::propertyChange (19 bytes)
Event: 258.170 Thread 0x0000021f7d046260 nmethod 3942 0x0000021f07f73790 code [0x0000021f07f73900, 0x0000021f07f739b8]
Event: 258.170 Thread 0x0000021f7d046260 3943       4       javax.swing.plaf.synth.SynthDesktopPaneUI::propertyChange (42 bytes)
Event: 258.188 Thread 0x0000021f7d046260 nmethod 3943 0x0000021f07f73a90 code [0x0000021f07f73d80, 0x0000021f07f75510]
Event: 268.227 Thread 0x0000021f7d046260 3944       4       javax.swing.plaf.nimbus.NimbusStyle::installDefaults (10 bytes)

GC Heap History (20 events):
Event: 230.817 GC heap before
{Heap before GC invocations=37 (full 0):
 garbage-first heap   total 306176K, used 245665K [0x0000000085200000, 0x0000000100000000)
  region size 1024K, 47 young (48128K), 7 survivors (7168K)
 Metaspace       used 11975K, committed 12160K, reserved 1114112K
  class space    used 1245K, committed 1344K, reserved 1048576K
}
Event: 230.825 GC heap after
{Heap after GC invocations=38 (full 0):
 garbage-first heap   total 306176K, used 218629K [0x0000000085200000, 0x0000000100000000)
  region size 1024K, 6 young (6144K), 6 survivors (6144K)
 Metaspace       used 11975K, committed 12160K, reserved 1114112K
  class space    used 1245K, committed 1344K, reserved 1048576K
}
Event: 238.400 GC heap before
{Heap before GC invocations=38 (full 0):
 garbage-first heap   total 306176K, used 250373K [0x0000000085200000, 0x0000000100000000)
  region size 1024K, 37 young (37888K), 6 survivors (6144K)
 Metaspace       used 11975K, committed 12160K, reserved 1114112K
  class space    used 1245K, committed 1344K, reserved 1048576K
}
Event: 238.412 GC heap after
{Heap after GC invocations=39 (full 0):
 garbage-first heap   total 306176K, used 229376K [0x0000000085200000, 0x0000000100000000)
  region size 1024K, 5 young (5120K), 5 survivors (5120K)
 Metaspace       used 11975K, committed 12160K, reserved 1114112K
  class space    used 1245K, committed 1344K, reserved 1048576K
}
Event: 244.179 GC heap before
{Heap before GC invocations=39 (full 0):
 garbage-first heap   total 306176K, used 254976K [0x0000000085200000, 0x0000000100000000)
  region size 1024K, 30 young (30720K), 5 survivors (5120K)
 Metaspace       used 11975K, committed 12160K, reserved 1114112K
  class space    used 1245K, committed 1344K, reserved 1048576K
}
Event: 244.185 GC heap after
{Heap after GC invocations=40 (full 0):
 garbage-first heap   total 306176K, used 238560K [0x0000000085200000, 0x0000000100000000)
  region size 1024K, 4 young (4096K), 4 survivors (4096K)
 Metaspace       used 11975K, committed 12160K, reserved 1114112K
  class space    used 1245K, committed 1344K, reserved 1048576K
}
Event: 248.873 GC heap before
{Heap before GC invocations=40 (full 0):
 garbage-first heap   total 306176K, used 259040K [0x0000000085200000, 0x0000000100000000)
  region size 1024K, 24 young (24576K), 4 survivors (4096K)
 Metaspace       used 11975K, committed 12160K, reserved 1114112K
  class space    used 1245K, committed 1344K, reserved 1048576K
}
Event: 248.880 GC heap after
{Heap after GC invocations=41 (full 0):
 garbage-first heap   total 306176K, used 245579K [0x0000000085200000, 0x0000000100000000)
  region size 1024K, 3 young (3072K), 3 survivors (3072K)
 Metaspace       used 11975K, committed 12160K, reserved 1114112K
  class space    used 1245K, committed 1344K, reserved 1048576K
}
Event: 252.530 GC heap before
{Heap before GC invocations=41 (full 0):
 garbage-first heap   total 306176K, used 261963K [0x0000000085200000, 0x0000000100000000)
  region size 1024K, 19 young (19456K), 3 survivors (3072K)
 Metaspace       used 11975K, committed 12160K, reserved 1114112K
  class space    used 1245K, committed 1344K, reserved 1048576K
}
Event: 252.536 GC heap after
{Heap after GC invocations=42 (full 0):
 garbage-first heap   total 306176K, used 251566K [0x0000000085200000, 0x0000000100000000)
  region size 1024K, 3 young (3072K), 3 survivors (3072K)
 Metaspace       used 11975K, committed 12160K, reserved 1114112K
  class space    used 1245K, committed 1344K, reserved 1048576K
}
Event: 255.352 GC heap before
{Heap before GC invocations=42 (full 0):
 garbage-first heap   total 306176K, used 264878K [0x0000000085200000, 0x0000000100000000)
  region size 1024K, 16 young (16384K), 3 survivors (3072K)
 Metaspace       used 11975K, committed 12160K, reserved 1114112K
  class space    used 1245K, committed 1344K, reserved 1048576K
}
Event: 255.356 GC heap after
{Heap after GC invocations=43 (full 0):
 garbage-first heap   total 306176K, used 256338K [0x0000000085200000, 0x0000000100000000)
  region size 1024K, 2 young (2048K), 2 survivors (2048K)
 Metaspace       used 11975K, committed 12160K, reserved 1114112K
  class space    used 1245K, committed 1344K, reserved 1048576K
}
Event: 258.092 GC heap before
{Heap before GC invocations=43 (full 0):
 garbage-first heap   total 306176K, used 268626K [0x0000000085200000, 0x0000000100000000)
  region size 1024K, 14 young (14336K), 2 survivors (2048K)
 Metaspace       used 11975K, committed 12160K, reserved 1114112K
  class space    used 1245K, committed 1344K, reserved 1048576K
}
Event: 258.096 GC heap after
{Heap after GC invocations=44 (full 0):
 garbage-first heap   total 306176K, used 260560K [0x0000000085200000, 0x0000000100000000)
  region size 1024K, 2 young (2048K), 2 survivors (2048K)
 Metaspace       used 11975K, committed 12160K, reserved 1114112K
  class space    used 1245K, committed 1344K, reserved 1048576K
}
Event: 261.929 GC heap before
{Heap before GC invocations=44 (full 0):
 garbage-first heap   total 306176K, used 272848K [0x0000000085200000, 0x0000000100000000)
  region size 1024K, 14 young (14336K), 2 survivors (2048K)
 Metaspace       used 11975K, committed 12160K, reserved 1114112K
  class space    used 1245K, committed 1344K, reserved 1048576K
}
Event: 261.932 GC heap after
{Heap after GC invocations=45 (full 0):
 garbage-first heap   total 306176K, used 264805K [0x0000000085200000, 0x0000000100000000)
  region size 1024K, 2 young (2048K), 2 survivors (2048K)
 Metaspace       used 11975K, committed 12160K, reserved 1114112K
  class space    used 1245K, committed 1344K, reserved 1048576K
}
Event: 264.920 GC heap before
{Heap before GC invocations=45 (full 0):
 garbage-first heap   total 306176K, used 277093K [0x0000000085200000, 0x0000000100000000)
  region size 1024K, 14 young (14336K), 2 survivors (2048K)
 Metaspace       used 11975K, committed 12160K, reserved 1114112K
  class space    used 1245K, committed 1344K, reserved 1048576K
}
Event: 264.924 GC heap after
{Heap after GC invocations=46 (full 0):
 garbage-first heap   total 306176K, used 269199K [0x0000000085200000, 0x0000000100000000)
  region size 1024K, 2 young (2048K), 2 survivors (2048K)
 Metaspace       used 11975K, committed 12160K, reserved 1114112K
  class space    used 1245K, committed 1344K, reserved 1048576K
}
Event: 268.127 GC heap before
{Heap before GC invocations=46 (full 0):
 garbage-first heap   total 306176K, used 281487K [0x0000000085200000, 0x0000000100000000)
  region size 1024K, 14 young (14336K), 2 survivors (2048K)
 Metaspace       used 11975K, committed 12160K, reserved 1114112K
  class space    used 1245K, committed 1344K, reserved 1048576K
}
Event: 268.132 GC heap after
{Heap after GC invocations=47 (full 0):
 garbage-first heap   total 306176K, used 273408K [0x0000000085200000, 0x0000000100000000)
  region size 1024K, 2 young (2048K), 2 survivors (2048K)
 Metaspace       used 11975K, committed 12160K, reserved 1114112K
  class space    used 1245K, committed 1344K, reserved 1048576K
}

Deoptimization events (20 events):
Event: 43.886 Thread 0x0000021f7d5d7980 Uncommon trap: trap_request=0xffffffd6 fr.pc=0x0000021f07e576d4 relative=0x00000000000006b4
Event: 43.886 Thread 0x0000021f7d5d7980 Uncommon trap: reason=array_check action=maybe_recompile pc=0x0000021f07e576d4 method=java.awt.AWTEventMulticaster.populateListenerArray([Ljava/util/EventListener;Ljava/util/EventListener;I)I @ 51 c2
Event: 43.886 Thread 0x0000021f7d5d7980 DEOPT PACKING pc=0x0000021f07e576d4 sp=0x000000d272de1d90
Event: 43.886 Thread 0x0000021f7d5d7980 DEOPT UNPACKING pc=0x0000021f074a23a3 sp=0x000000d272de1d50 mode 2
Event: 43.886 Thread 0x0000021f7d5d7980 Uncommon trap: trap_request=0xffffffd6 fr.pc=0x0000021f07e5772c relative=0x000000000000070c
Event: 43.886 Thread 0x0000021f7d5d7980 Uncommon trap: reason=array_check action=maybe_recompile pc=0x0000021f07e5772c method=java.awt.AWTEventMulticaster.populateListenerArray([Ljava/util/EventListener;Ljava/util/EventListener;I)I @ 51 c2
Event: 43.886 Thread 0x0000021f7d5d7980 DEOPT PACKING pc=0x0000021f07e5772c sp=0x000000d272de1e90
Event: 43.886 Thread 0x0000021f7d5d7980 DEOPT UNPACKING pc=0x0000021f074a23a3 sp=0x000000d272de1db8 mode 2
Event: 43.886 Thread 0x0000021f7d5d7980 Uncommon trap: trap_request=0xffffffd6 fr.pc=0x0000021f07e576d4 relative=0x00000000000006b4
Event: 43.886 Thread 0x0000021f7d5d7980 Uncommon trap: reason=array_check action=maybe_recompile pc=0x0000021f07e576d4 method=java.awt.AWTEventMulticaster.populateListenerArray([Ljava/util/EventListener;Ljava/util/EventListener;I)I @ 51 c2
Event: 43.886 Thread 0x0000021f7d5d7980 DEOPT PACKING pc=0x0000021f07e576d4 sp=0x000000d272de1df0
Event: 43.886 Thread 0x0000021f7d5d7980 DEOPT UNPACKING pc=0x0000021f074a23a3 sp=0x000000d272de1db0 mode 2
Event: 52.985 Thread 0x0000021f7d5d7980 Uncommon trap: trap_request=0xffffffdc fr.pc=0x0000021f07e72bd0 relative=0x0000000000004a90
Event: 52.985 Thread 0x0000021f7d5d7980 Uncommon trap: reason=class_check action=make_not_entrant pc=0x0000021f07e72bd0 method=java.util.ArrayList.toArray([Ljava/lang/Object;)[Ljava/lang/Object; @ 21 c2
Event: 52.985 Thread 0x0000021f7d5d7980 DEOPT PACKING pc=0x0000021f07e72bd0 sp=0x000000d272ddc5a0
Event: 52.985 Thread 0x0000021f7d5d7980 DEOPT UNPACKING pc=0x0000021f074a23a3 sp=0x000000d272ddc3e8 mode 2
Event: 66.809 Thread 0x0000021f7d5d7980 Uncommon trap: trap_request=0xffffffcc fr.pc=0x0000021f07ec5374 relative=0x0000000000000354
Event: 66.809 Thread 0x0000021f7d5d7980 Uncommon trap: reason=intrinsic_or_type_checked_inlining action=make_not_entrant pc=0x0000021f07ec5374 method=java.util.ArrayList.toArray([Ljava/lang/Object;)[Ljava/lang/Object; @ 36 c2
Event: 66.809 Thread 0x0000021f7d5d7980 DEOPT PACKING pc=0x0000021f07ec5374 sp=0x000000d272dd1bf0
Event: 66.809 Thread 0x0000021f7d5d7980 DEOPT UNPACKING pc=0x0000021f074a23a3 sp=0x000000d272dd1bc0 mode 2

Classes unloaded (0 events):
No events

Classes redefined (0 events):
No events

Internal exceptions (20 events):
Event: 0.378 Thread 0x0000021f6d680b90 Exception <a 'java/lang/ClassNotFoundException'{0x000000008c806c78}: ToolBar> (0x000000008c806c78) 
thrown [s\open\src\hotspot\share\classfile\systemDictionary.cpp, line 256]
Event: 0.378 Thread 0x0000021f6d680b90 Exception <a 'java/lang/ClassNotFoundException'{0x000000008c807170}: ToolBar> (0x000000008c807170) 
thrown [s\open\src\hotspot\share\classfile\systemDictionary.cpp, line 256]
Event: 0.378 Thread 0x0000021f6d680b90 Exception <a 'java/lang/ClassNotFoundException'{0x000000008c8074d0}: Button> (0x000000008c8074d0) 
thrown [s\open\src\hotspot\share\classfile\systemDictionary.cpp, line 256]
Event: 0.378 Thread 0x0000021f6d680b90 Exception <a 'java/lang/ClassNotFoundException'{0x000000008c807998}: ToolBar> (0x000000008c807998) 
thrown [s\open\src\hotspot\share\classfile\systemDictionary.cpp, line 256]
Event: 0.378 Thread 0x0000021f6d680b90 Exception <a 'java/lang/ClassNotFoundException'{0x000000008c807d08}: ToggleButton> (0x000000008c807d08) 
thrown [s\open\src\hotspot\share\classfile\systemDictionary.cpp, line 256]
Event: 0.378 Thread 0x0000021f6d680b90 Exception <a 'java/lang/ClassNotFoundException'{0x000000008c808148}: javax/swing/JToolBarSeparator> (0x000000008c808148) 
thrown [s\open\src\hotspot\share\classfile\systemDictionary.cpp, line 256]
Event: 0.378 Thread 0x0000021f6d680b90 Exception <a 'java/lang/ClassNotFoundException'{0x000000008c808450}: ToolBarSeparator> (0x000000008c808450) 
thrown [s\open\src\hotspot\share\classfile\systemDictionary.cpp, line 256]
Event: 0.379 Thread 0x0000021f6d680b90 Exception <a 'java/lang/ClassNotFoundException'{0x000000008c808968}: ToolTip> (0x000000008c808968) 
thrown [s\open\src\hotspot\share\classfile\systemDictionary.cpp, line 256]
Event: 0.379 Thread 0x0000021f6d680b90 Exception <a 'java/lang/ClassNotFoundException'{0x000000008c8092b8}: Tree> (0x000000008c8092b8) 
thrown [s\open\src\hotspot\share\classfile\systemDictionary.cpp, line 256]
Event: 0.380 Thread 0x0000021f6d680b90 Exception <a 'java/lang/ClassNotFoundException'{0x000000008c8097b0}: Tree> (0x000000008c8097b0) 
thrown [s\open\src\hotspot\share\classfile\systemDictionary.cpp, line 256]
Event: 0.380 Thread 0x0000021f6d680b90 Exception <a 'java/lang/ClassNotFoundException'{0x000000008c809b20}: javax/swing/JTreeCell> (0x000000008c809b20) 
thrown [s\open\src\hotspot\share\classfile\systemDictionary.cpp, line 256]
Event: 0.380 Thread 0x0000021f6d680b90 Exception <a 'java/lang/ClassNotFoundException'{0x000000008c809e20}: TreeCell> (0x000000008c809e20) 
thrown [s\open\src\hotspot\share\classfile\systemDictionary.cpp, line 256]
Event: 0.380 Thread 0x0000021f6d680b90 Exception <a 'java/lang/ClassNotFoundException'{0x000000008c80a5e0}: RootPane> (0x000000008c80a5e0) 
thrown [s\open\src\hotspot\share\classfile\systemDictionary.cpp, line 256]
Event: 0.382 Thread 0x0000021f6d680b90 Exception <a 'java/lang/ClassNotFoundException'{0x000000008c80d430}: com/sun/swing/internal/plaf/metal/resources/spi/metalProvider> (0x000000008c80d430) 
thrown [s\open\src\hotspot\share\classfile\systemDictionary.cpp, line 256]
Event: 0.383 Thread 0x0000021f6d680b90 Exception <a 'java/lang/ClassNotFoundException'{0x000000008c810fe0}: com/sun/swing/internal/plaf/basic/resources/spi/basicProvider> (0x000000008c810fe0) 
thrown [s\open\src\hotspot\share\classfile\systemDictionary.cpp, line 256]
Event: 0.416 Thread 0x0000021f7d5d7980 Exception <a 'java/lang/ClassNotFoundException'{0x000000008c88ad88}: com/sun/swing/internal/plaf/synth/resources/spi/synthProvider> (0x000000008c88ad88) 
thrown [s\open\src\hotspot\share\classfile\systemDictionary.cpp, line 256]
Event: 0.487 Thread 0x0000021f7d5d7980 Implicit null exception at 0x0000021f07bc098f to 0x0000021f07bc0a09
Event: 0.547 Thread 0x0000021f7e250e60 Exception <a 'java/lang/NoSuchMethodError'{0x000000008c565cc8}: 'java.lang.Object java.lang.invoke.DirectMethodHandle$Holder.newInvokeSpecial(java.lang.Object, java.lang.Object, java.lang.Object, int, int, int, int, int)'> (0x000000008c565cc8) 
thrown [s\open\src\hotspot\share\interpreter\linkResolver.cpp, line 759]
Event: 0.682 Thread 0x0000021f7d4dede0 Exception <a 'java/lang/NoSuchMethodError'{0x000000008ca85960}: 'void java.lang.invoke.DirectMethodHandle$Holder.invokeVirtual(java.lang.Object, java.lang.Object)'> (0x000000008ca85960) 
thrown [s\open\src\hotspot\share\interpreter\linkResolver.cpp, line 759]
Event: 0.710 Thread 0x0000021f7d5d7980 Exception <a 'java/lang/NoSuchMethodError'{0x000000008c7e8a60}: 'void java.lang.invoke.DirectMethodHandle$Holder.invokeStaticInit(java.lang.Object)'> (0x000000008c7e8a60) 
thrown [s\open\src\hotspot\share\interpreter\linkResolver.cpp, line 759]

VM Operations (20 events):
Event: 230.825 Executing VM operation: G1CollectForAllocation done
Event: 238.400 Executing VM operation: G1CollectForAllocation
Event: 238.412 Executing VM operation: G1CollectForAllocation done
Event: 244.179 Executing VM operation: G1CollectForAllocation
Event: 244.185 Executing VM operation: G1CollectForAllocation done
Event: 248.873 Executing VM operation: G1CollectForAllocation
Event: 248.880 Executing VM operation: G1CollectForAllocation done
Event: 252.530 Executing VM operation: G1CollectForAllocation
Event: 252.536 Executing VM operation: G1CollectForAllocation done
Event: 255.351 Executing VM operation: G1CollectForAllocation
Event: 255.356 Executing VM operation: G1CollectForAllocation done
Event: 258.091 Executing VM operation: G1CollectForAllocation
Event: 258.096 Executing VM operation: G1CollectForAllocation done
Event: 261.929 Executing VM operation: G1CollectForAllocation
Event: 261.932 Executing VM operation: G1CollectForAllocation done
Event: 264.920 Executing VM operation: G1CollectForAllocation
Event: 264.924 Executing VM operation: G1CollectForAllocation done
Event: 268.126 Executing VM operation: G1CollectForAllocation
Event: 268.132 Executing VM operation: G1CollectForAllocation done
Event: 268.246 Executing VM operation: G1Concurrent

Events (20 events):
Event: 0.879 loading class javax/swing/GroupLayout$SpringDelta done
Event: 0.879 loading class javax/swing/LayoutStyle
Event: 0.879 loading class javax/swing/LayoutStyle done
Event: 0.879 loading class sun/swing/DefaultLayoutStyle
Event: 0.879 loading class sun/swing/DefaultLayoutStyle done
Event: 0.880 loading class javax/swing/plaf/basic/BasicTextFieldUI$I18nFieldView
Event: 0.880 loading class javax/swing/text/ParagraphView
Event: 0.881 loading class javax/swing/text/FlowView
Event: 0.881 loading class javax/swing/text/BoxView
Event: 0.882 loading class javax/swing/text/CompositeView
Event: 0.882 loading class javax/swing/text/CompositeView done
Event: 0.883 loading class javax/swing/text/BoxView done
Event: 0.883 loading class javax/swing/text/FlowView done
Event: 0.883 loading class javax/swing/text/ParagraphView done
Event: 0.883 loading class javax/swing/plaf/basic/BasicTextFieldUI$I18nFieldView done
Event: 0.900 loading class javax/swing/plaf/basic/BasicGraphicsUtils
Event: 0.901 loading class javax/swing/plaf/basic/BasicGraphicsUtils done
Event: 5.616 Thread 0x0000021f7e250e60 Thread exited: 0x0000021f7e250e60
Event: 194.953 loading class sun/util/locale/LocaleExtensions
Event: 194.960 loading class sun/util/locale/LocaleExtensions done


Dynamic libraries:
0x00007ff71e4d0000 - 0x00007ff71e4e0000 	C:\Program Files\Java\jdk-17\bin\java.exe
0x00007ff854fb0000 - 0x00007ff8551c6000 	C:\WINDOWS\SYSTEM32\ntdll.dll
0x00007ff854830000 - 0x00007ff8548f4000 	C:\WINDOWS\System32\KERNEL32.DLL
0x00007ff852560000 - 0x00007ff852907000 	C:\WINDOWS\System32\KERNELBASE.dll
0x00007ff852bc0000 - 0x00007ff852cd1000 	C:\WINDOWS\System32\ucrtbase.dll
0x00007ff829f40000 - 0x00007ff829f5b000 	C:\Program Files\Java\jdk-17\bin\VCRUNTIME140.dll
0x00007ff849db0000 - 0x00007ff849dc9000 	C:\Program Files\Java\jdk-17\bin\jli.dll
0x00007ff854390000 - 0x00007ff854442000 	C:\WINDOWS\System32\ADVAPI32.dll
0x00007ff852de0000 - 0x00007ff852e87000 	C:\WINDOWS\System32\msvcrt.dll
0x00007ff854a40000 - 0x00007ff854ae8000 	C:\WINDOWS\System32\sechost.dll
0x00007ff852b90000 - 0x00007ff852bb8000 	C:\WINDOWS\System32\bcrypt.dll
0x00007ff852e90000 - 0x00007ff852fa5000 	C:\WINDOWS\System32\RPCRT4.dll
0x00007ff853d90000 - 0x00007ff853f3e000 	C:\WINDOWS\System32\USER32.dll
0x00007ff852a40000 - 0x00007ff852a66000 	C:\WINDOWS\System32\win32u.dll
0x00007ff853cb0000 - 0x00007ff853cd9000 	C:\WINDOWS\System32\GDI32.dll
0x00007ff82ad10000 - 0x00007ff82afa3000 	C:\WINDOWS\WinSxS\amd64_microsoft.windows.common-controls_6595b64144ccf1df_6.0.22621.3235_none_270f74e173860f98\COMCTL32.dll
0x00007ff852440000 - 0x00007ff852559000 	C:\WINDOWS\System32\gdi32full.dll
0x00007ff852a70000 - 0x00007ff852b0a000 	C:\WINDOWS\System32\msvcp_win.dll
0x00007ff8450d0000 - 0x00007ff8450da000 	C:\WINDOWS\SYSTEM32\VERSION.dll
0x00007ff853d40000 - 0x00007ff853d71000 	C:\WINDOWS\System32\IMM32.DLL
0x00007ff82b570000 - 0x00007ff82b57c000 	C:\Program Files\Java\jdk-17\bin\vcruntime140_1.dll
0x00007fffcc150000 - 0x00007fffcc1de000 	C:\Program Files\Java\jdk-17\bin\msvcp140.dll
0x00007fffa7210000 - 0x00007fffa7dee000 	C:\Program Files\Java\jdk-17\bin\server\jvm.dll
0x00007ff853340000 - 0x00007ff853348000 	C:\WINDOWS\System32\PSAPI.DLL
0x00007ff82de60000 - 0x00007ff82de69000 	C:\WINDOWS\SYSTEM32\WSOCK32.dll
0x00007ff848070000 - 0x00007ff8480a4000 	C:\WINDOWS\SYSTEM32\WINMM.dll
0x00007ff854220000 - 0x00007ff854291000 	C:\WINDOWS\System32\WS2_32.dll
0x00007ff8512b0000 - 0x00007ff8512c8000 	C:\WINDOWS\SYSTEM32\kernel.appcore.dll
0x00007ff82b420000 - 0x00007ff82b42a000 	C:\Program Files\Java\jdk-17\bin\jimage.dll
0x00007ff84fc20000 - 0x00007ff84fe53000 	C:\WINDOWS\SYSTEM32\DBGHELP.DLL
0x00007ff852fb0000 - 0x00007ff853338000 	C:\WINDOWS\System32\combase.dll
0x00007ff8542b0000 - 0x00007ff854387000 	C:\WINDOWS\System32\OLEAUT32.dll
0x00007ff824d50000 - 0x00007ff824d82000 	C:\WINDOWS\SYSTEM32\dbgcore.DLL
0x00007ff852b10000 - 0x00007ff852b89000 	C:\WINDOWS\System32\bcryptPrimitives.dll
0x00007ff829ed0000 - 0x00007ff829ef5000 	C:\Program Files\Java\jdk-17\bin\java.dll
0x00007fffb7b70000 - 0x00007fffb7c47000 	C:\Program Files\Java\jdk-17\bin\jsvml.dll
0x00007ff853350000 - 0x00007ff853bac000 	C:\WINDOWS\System32\SHELL32.dll
0x00007ff850230000 - 0x00007ff850b29000 	C:\WINDOWS\SYSTEM32\windows.storage.dll
0x00007ff8500f0000 - 0x00007ff85022e000 	C:\WINDOWS\SYSTEM32\wintypes.dll
0x00007ff852ce0000 - 0x00007ff852dd3000 	C:\WINDOWS\System32\SHCORE.dll
0x00007ff854110000 - 0x00007ff85416e000 	C:\WINDOWS\System32\shlwapi.dll
0x00007ff852200000 - 0x00007ff852221000 	C:\WINDOWS\SYSTEM32\profapi.dll
0x00007ff829eb0000 - 0x00007ff829ec9000 	C:\Program Files\Java\jdk-17\bin\net.dll
0x00007ff849820000 - 0x00007ff849956000 	C:\WINDOWS\SYSTEM32\WINHTTP.dll
0x00007ff851780000 - 0x00007ff8517e9000 	C:\WINDOWS\system32\mswsock.dll
0x00007ff80e100000 - 0x00007ff80e116000 	C:\Program Files\Java\jdk-17\bin\nio.dll
0x00007ff80cd20000 - 0x00007ff80cd38000 	C:\Program Files\Java\jdk-17\bin\zip.dll
0x00007fffaf460000 - 0x00007fffaf5f1000 	C:\Program Files\Java\jdk-17\bin\awt.dll
0x00007ff84cab0000 - 0x00007ff84cb47000 	C:\WINDOWS\SYSTEM32\apphelp.dll
0x00007ff84f180000 - 0x00007ff84f22b000 	C:\WINDOWS\system32\uxtheme.dll
0x00007ff854510000 - 0x00007ff854663000 	C:\WINDOWS\System32\MSCTF.dll
0x00007ff853f60000 - 0x00007ff854105000 	C:\WINDOWS\System32\ole32.dll
0x00007ff84f430000 - 0x00007ff84f45b000 	C:\WINDOWS\system32\DWMAPI.DLL
0x00007fffc8500000 - 0x00007fffc8586000 	C:\Program Files\Java\jdk-17\bin\freetype.dll
0x00007fffb03e0000 - 0x00007fffb04b3000 	C:\Program Files\Java\jdk-17\bin\fontmanager.dll
0x00007fffaf360000 - 0x00007fffaf460000 	C:\WINDOWS\system32\opengl32.dll
0x00007ff800020000 - 0x00007ff80004d000 	C:\WINDOWS\SYSTEM32\GLU32.dll
0x00007ff84f470000 - 0x00007ff84f4a9000 	C:\WINDOWS\SYSTEM32\dxcore.dll
0x00007ff846e20000 - 0x00007ff846e4e000 	C:\Program Files\Java\jdk-17\bin\javajpeg.dll
0x00007ff854170000 - 0x00007ff854220000 	C:\WINDOWS\System32\clbcatq.dll
0x00007ff84ac90000 - 0x00007ff84ae40000 	C:\WINDOWS\SYSTEM32\WindowsCodecs.dll
0x00007ff81f5c0000 - 0x00007ff81f61e000 	C:\WINDOWS\system32\dataexchange.dll
0x00007ff846400000 - 0x00007ff84668e000 	C:\WINDOWS\system32\twinapi.appcore.dll

dbghelp: loaded successfully - version: 4.0.5 - missing functions: none
symbol engine: initialized successfully - sym options: 0x614 - pdb path: .;C:\Program Files\Java\jdk-17\bin;C:\WINDOWS\SYSTEM32;C:\WINDOWS\WinSxS\amd64_microsoft.windows.common-controls_6595b64144ccf1df_6.0.22621.3235_none_270f74e173860f98;C:\Program Files\Java\jdk-17\bin\server

VM Arguments:
jvm_args: -Dfile.encoding=UTF-8 --module-path=C:\Users\MY HP\Documents\NetBeansProjects\JAVACUOIKY\build\classes 
java_command: Frame.HangHoa
java_class_path (initial): C:\Users\MY HP\Downloads\TimingFramework-0.55.jar;C:\Users\MY HP\Downloads\miglayout-core.jar;C:\Users\MY HP\Downloads\miglayout-swing.jar;C:\Users\MY HP\Downloads\sqljdbc_10.2.3.0_enu\sqljdbc_10.2\enu\mssql-jdbc-10.2.3.jre17.jar;C:\Users\MY HP\Documents\NetBeansProjects\JAVACUOIKY\build\classes
Launcher Type: SUN_STANDARD

[Global flags]
     intx CICompilerCount                          = 12                                        {product} {ergonomic}
     uint ConcGCThreads                            = 3                                         {product} {ergonomic}
     uint G1ConcRefinementThreads                  = 13                                        {product} {ergonomic}
   size_t G1HeapRegionSize                         = 1048576                                   {product} {ergonomic}
    uintx GCDrainStackTargetSize                   = 64                                        {product} {ergonomic}
   size_t InitialHeapSize                          = 130023424                                 {product} {ergonomic}
   size_t MarkStackSize                            = 4194304                                   {product} {ergonomic}
   size_t MaxHeapSize                              = 2061500416                                {product} {ergonomic}
   size_t MaxNewSize                               = 1236271104                                {product} {ergonomic}
   size_t MinHeapDeltaBytes                        = 1048576                                   {product} {ergonomic}
   size_t MinHeapSize                              = 8388608                                   {product} {ergonomic}
    uintx NonNMethodCodeHeapSize                   = 7602480                                {pd product} {ergonomic}
    uintx NonProfiledCodeHeapSize                  = 122027880                              {pd product} {ergonomic}
    uintx ProfiledCodeHeapSize                     = 122027880                              {pd product} {ergonomic}
    uintx ReservedCodeCacheSize                    = 251658240                              {pd product} {ergonomic}
     bool SegmentedCodeCache                       = true                                      {product} {ergonomic}
   size_t SoftMaxHeapSize                          = 2061500416                             {manageable} {ergonomic}
     bool UseCompressedClassPointers               = true                           {product lp64_product} {ergonomic}
     bool UseCompressedOops                        = true                           {product lp64_product} {ergonomic}
     bool UseG1GC                                  = true                                      {product} {ergonomic}
     bool UseLargePagesIndividualAllocation        = false                                  {pd product} {ergonomic}

Logging:
Log output configuration:
 #0: stdout all=warning uptime,level,tags
 #1: stderr all=off uptime,level,tags

Environment Variables:
PATH=C:\Program Files\Common Files\Oracle\Java\javapath;C:\Program Files\Eclipse Adoptium\jdk-17.0.7.7-hotspot\bin;C:\WINDOWS\system32;C:\WINDOWS;C:\WINDOWS\System32\Wbem;C:\WINDOWS\System32\WindowsPowerShell\v1.0\;C:\WINDOWS\System32\OpenSSH\;C:\Program Files (x86)\Microsoft SQL Server\160\Tools\Binn\;C:\Program Files\Microsoft SQL Server\160\Tools\Binn\;C:\Program Files\Microsoft SQL Server\Client SDK\ODBC\170\Tools\Binn\;C:\Program Files\Microsoft SQL Server\160\DTS\Binn\;C:\Program Files (x86)\Microsoft SQL Server\160\DTS\Binn\;C:\Program Files\Azure Data Studio\bin;C:\Program Files\HP\HP One Agent;C:\Users\MY HP\AppData\Local\Microsoft\WindowsApps;C:\Users\MY HP\AppData\Local\Programs\Microsoft VS Code\bin;C:\Users\MY HP\AppData\Local\GitHubDesktop\bin;C:\Program Files\Azure Data Studio\bin;C:\Program Files\Azure Data Studio\bin
USERNAME=MY HP
OS=Windows_NT
PROCESSOR_IDENTIFIER=Intel64 Family 6 Model 154 Stepping 3, GenuineIntel



---------------  S Y S T E M  ---------------

OS:
 Windows 11 , 64 bit Build 22621 (10.0.22621.3374)
OS uptime: 0 days 2:13 hours

CPU: total 16 (initial active 16) (8 cores per cpu, 2 threads per core) family 6 model 154 stepping 3 microcode 0x42c, cx8, cmov, fxsr, ht, mmx, 3dnowpref, sse, sse2, sse3, ssse3, sse4.1, sse4.2, popcnt, lzcnt, tsc, tscinvbit, avx, avx2, aes, erms, clmul, bmi1, bmi2, adx, sha, fma, vzeroupper, clflush, clflushopt, clwb

Memory: 4k page, system-wide physical 7860M (153M free)
TotalPageFile size 23157M (AvailPageFile size 60M)
current process WorkingSet (physical memory assigned to process): 397M, peak: 397M
current process commit charge ("private bytes"): 447M, peak: 595M

vm_info: Java HotSpot(TM) 64-Bit Server VM (17.0.8+9-LTS-211) for windows-amd64 JRE (17.0.8+9-LTS-211), built on Jun 14 2023 10:34:31 by "mach5one" with MS VC++ 17.1 (VS2022)

END.
